2025-02-06 15:10:23,235 - INFO - Starting model pipeline...
2025-02-06 15:10:23,236 - INFO - Loading training data...
2025-02-06 15:10:26,140 - INFO - Train set shape: X=(784, 37800), Y=(37800,)
2025-02-06 15:10:26,141 - INFO - Dev set shape: X=(784, 4200), Y=(4200,)
2025-02-06 15:10:26,141 - INFO - Loading test data...
2025-02-06 15:10:27,378 - INFO - Test set shape: X=(784, 28000)
2025-02-06 15:10:27,404 - INFO - Performing data augmentation...
2025-02-06 15:10:31,046 - INFO - Augmented data shape: X=(784, 113400), Y=(113400,)
2025-02-06 15:10:31,172 - INFO - Loading existing model...
2025-02-06 15:10:31,193 - INFO - Model parameters loaded successfully
2025-02-06 15:10:31,193 - INFO - Evaluating model performance...
2025-02-06 15:10:32,647 - INFO - Training Accuracy: 71.78%
2025-02-06 15:10:32,705 - INFO - Dev Accuracy: 100.00%
2025-02-06 15:10:32,705 - INFO - Visualizing predictions...
2025-02-06 15:10:49,926 - INFO - Model pipeline completed successfully
2025-02-06 15:11:44,432 - INFO - Starting model pipeline...
2025-02-06 15:11:44,447 - INFO - Loading training data...
2025-02-06 15:11:46,892 - INFO - Train set shape: X=(784, 37800), Y=(37800,)
2025-02-06 15:11:46,892 - INFO - Dev set shape: X=(784, 4200), Y=(4200,)
2025-02-06 15:11:46,892 - INFO - Loading test data...
2025-02-06 15:11:48,012 - INFO - Test set shape: X=(784, 28000)
2025-02-06 15:11:48,028 - INFO - Performing data augmentation...
2025-02-06 15:11:51,208 - INFO - Augmented data shape: X=(784, 113400), Y=(113400,)
2025-02-06 15:11:51,323 - INFO - Training new model...
2025-02-06 15:11:51,323 - INFO - Starting model training...
2025-02-06 15:11:51,325 - INFO - Initializing network parameters...
2025-02-06 15:11:52,317 - ERROR - Error in main execution: operands could not be broadcast together with shapes (9,32) (10,32) 
2025-02-06 15:13:57,181 - INFO - Starting model pipeline...
2025-02-06 15:13:57,181 - INFO - Loading training data...
2025-02-06 15:13:59,685 - INFO - Train set shape: X=(784, 37800), Y=(37800,)
2025-02-06 15:13:59,685 - INFO - Dev set shape: X=(784, 4200), Y=(4200,)
2025-02-06 15:13:59,685 - INFO - Loading test data...
2025-02-06 15:14:00,738 - INFO - Test set shape: X=(784, 28000)
2025-02-06 15:14:00,754 - INFO - Performing data augmentation...
2025-02-06 15:14:02,997 - INFO - Augmented data shape: X=(784, 113400), Y=(113400,)
2025-02-06 15:14:03,102 - INFO - Training new model...
2025-02-06 15:14:03,102 - INFO - Starting model training...
2025-02-06 15:14:03,102 - INFO - Initializing network parameters...
2025-02-06 15:14:04,021 - ERROR - Error in main execution: operands could not be broadcast together with shapes (10,32) (9,32) 
2025-02-06 15:15:30,624 - INFO - Starting model pipeline...
2025-02-06 15:15:30,640 - INFO - Loading training data...
2025-02-06 15:15:32,994 - INFO - Train set shape: X=(784, 37800), Y=(37800,)
2025-02-06 15:15:32,994 - INFO - Dev set shape: X=(784, 4200), Y=(4200,)
2025-02-06 15:15:32,994 - INFO - Loading test data...
2025-02-06 15:15:34,122 - INFO - Test set shape: X=(784, 28000)
2025-02-06 15:15:34,136 - INFO - Performing data augmentation...
2025-02-06 15:15:36,272 - INFO - Augmented data shape: X=(784, 113400), Y=(113400,)
2025-02-06 15:15:36,356 - INFO - Training new model...
2025-02-06 15:15:36,356 - INFO - Starting model training...
2025-02-06 15:15:36,356 - INFO - Initializing network parameters...
2025-02-06 15:16:30,701 - INFO - Model parameters saved successfully
2025-02-06 15:16:30,702 - INFO - Epoch 0: train_cost = 2.3537, dev_cost = 2.3110
2025-02-06 15:17:36,610 - INFO - Model parameters saved successfully
2025-02-06 15:19:06,767 - INFO - Model parameters saved successfully
2025-02-06 15:22:16,218 - INFO - Model parameters saved successfully
2025-02-06 15:27:11,928 - INFO - Model parameters saved successfully
2025-02-06 15:32:02,259 - INFO - Model parameters saved successfully
2025-02-06 15:32:02,260 - INFO - Epoch 10: train_cost = 2.3131, dev_cost = 2.3044
2025-02-06 15:39:01,841 - INFO - Early stopping triggered at epoch 15
2025-02-06 15:39:02,244 - INFO - Evaluating model performance...
2025-02-06 15:39:03,554 - INFO - Training Accuracy: 10.48%
2025-02-06 15:39:03,604 - INFO - Dev Accuracy: 10.43%
2025-02-06 15:39:03,604 - INFO - Visualizing predictions...
2025-02-06 15:39:40,164 - INFO - Model pipeline completed successfully
2025-02-06 15:44:23,233 - INFO - Starting model pipeline...
2025-02-06 15:44:23,233 - INFO - Loading training data...
2025-02-06 15:44:25,666 - INFO - Train set shape: X=(784, 37800), Y=(37800,)
2025-02-06 15:44:25,666 - INFO - Dev set shape: X=(784, 4200), Y=(4200,)
2025-02-06 15:44:25,666 - INFO - Loading test data...
2025-02-06 15:44:26,776 - INFO - Test set shape: X=(784, 28000)
2025-02-06 15:44:26,784 - INFO - Performing data augmentation...
2025-02-06 15:44:28,990 - INFO - Augmented data shape: X=(784, 113400), Y=(113400,)
2025-02-06 15:44:29,085 - INFO - Loading existing model...
2025-02-06 15:44:29,085 - INFO - Model parameters loaded successfully
2025-02-06 15:44:29,085 - INFO - Evaluating model performance...
2025-02-06 15:44:30,510 - INFO - Training Accuracy: 9.72%
2025-02-06 15:44:30,557 - INFO - Dev Accuracy: 9.45%
2025-02-06 15:44:30,557 - INFO - Visualizing predictions...
2025-02-06 15:44:40,938 - INFO - Model pipeline completed successfully
2025-02-06 15:44:52,991 - INFO - Starting model pipeline...
2025-02-06 15:44:52,991 - INFO - Loading training data...
2025-02-06 15:44:55,329 - INFO - Train set shape: X=(784, 37800), Y=(37800,)
2025-02-06 15:44:55,329 - INFO - Dev set shape: X=(784, 4200), Y=(4200,)
2025-02-06 15:44:55,329 - INFO - Loading test data...
2025-02-06 15:44:56,366 - INFO - Test set shape: X=(784, 28000)
2025-02-06 15:44:56,392 - INFO - Performing data augmentation...
2025-02-06 15:44:58,577 - INFO - Augmented data shape: X=(784, 113400), Y=(113400,)
2025-02-06 15:44:58,660 - INFO - Training new model...
2025-02-06 15:44:58,660 - INFO - Starting model training...
2025-02-06 15:45:13,973 - INFO - Epoch    1/1000: cost = 0.2985, train_acc = 96.36%, dev_acc = 95.83%
2025-02-06 15:45:13,984 - INFO - Model parameters saved successfully
2025-02-06 15:45:13,984 - INFO - New best model saved with dev cost: 0.1439
2025-02-06 15:45:29,490 - INFO - Epoch    2/1000: cost = 0.1036, train_acc = 97.98%, dev_acc = 96.74%
2025-02-06 15:45:29,504 - INFO - Model parameters saved successfully
2025-02-06 15:45:29,507 - INFO - New best model saved with dev cost: 0.1058
2025-02-06 15:45:44,745 - INFO - Epoch    3/1000: cost = 0.0641, train_acc = 98.57%, dev_acc = 96.76%
2025-02-06 15:45:44,747 - INFO - Model parameters saved successfully
2025-02-06 15:45:44,752 - INFO - New best model saved with dev cost: 0.1044
2025-02-06 15:46:00,365 - INFO - Epoch    4/1000: cost = 0.0432, train_acc = 99.09%, dev_acc = 97.60%
2025-02-06 15:46:00,371 - INFO - Model parameters saved successfully
2025-02-06 15:46:00,371 - INFO - New best model saved with dev cost: 0.0885
2025-02-06 15:46:16,287 - INFO - Epoch    5/1000: cost = 0.0324, train_acc = 99.27%, dev_acc = 97.24%
2025-02-06 15:46:31,739 - INFO - Epoch    6/1000: cost = 0.0247, train_acc = 99.45%, dev_acc = 97.38%
2025-02-06 15:46:47,061 - INFO - Epoch    7/1000: cost = 0.0204, train_acc = 99.47%, dev_acc = 97.40%
2025-02-06 15:47:02,267 - INFO - Epoch    8/1000: cost = 0.0171, train_acc = 99.36%, dev_acc = 97.10%
2025-02-06 15:47:17,567 - INFO - Epoch    9/1000: cost = 0.0149, train_acc = 99.46%, dev_acc = 97.33%
2025-02-06 15:47:33,648 - INFO - Epoch   10/1000: cost = 0.0130, train_acc = 99.64%, dev_acc = 97.07%
2025-02-06 15:47:48,913 - INFO - Epoch   11/1000: cost = 0.0120, train_acc = 99.61%, dev_acc = 97.10%
2025-02-06 15:48:04,253 - INFO - Epoch   12/1000: cost = 0.0131, train_acc = 99.72%, dev_acc = 97.50%
2025-02-06 15:48:20,806 - INFO - Epoch   13/1000: cost = 0.0099, train_acc = 99.63%, dev_acc = 96.93%
2025-02-06 15:48:41,591 - INFO - Starting model pipeline...
2025-02-06 15:48:41,593 - INFO - Loading training data...
2025-02-06 15:48:44,015 - INFO - Train set shape: X=(784, 37800), Y=(37800,)
2025-02-06 15:48:44,016 - INFO - Dev set shape: X=(784, 4200), Y=(4200,)
2025-02-06 15:48:44,016 - INFO - Loading test data...
2025-02-06 15:48:45,080 - INFO - Test set shape: X=(784, 28000)
2025-02-06 15:48:45,081 - INFO - Performing data augmentation...
2025-02-06 15:48:47,208 - INFO - Augmented data shape: X=(784, 113400), Y=(113400,)
2025-02-06 15:48:47,314 - INFO - Loading existing model...
2025-02-06 15:48:47,320 - INFO - Model parameters loaded successfully
2025-02-06 15:48:47,320 - INFO - Evaluating model performance...
2025-02-06 15:48:48,616 - INFO - Training Accuracy: 99.09%
2025-02-06 15:48:48,703 - INFO - Dev Accuracy: 97.60%
2025-02-06 15:48:48,703 - INFO - Visualizing predictions...
2025-02-06 15:48:58,869 - INFO - Model pipeline completed successfully
2025-02-06 15:49:39,123 - INFO - Starting model pipeline...
2025-02-06 15:49:39,139 - INFO - Loading training data...
2025-02-06 15:49:41,472 - INFO - Train set shape: X=(784, 37800), Y=(37800,)
2025-02-06 15:49:41,472 - INFO - Dev set shape: X=(784, 4200), Y=(4200,)
2025-02-06 15:49:41,472 - INFO - Loading test data...
2025-02-06 15:49:42,525 - INFO - Test set shape: X=(784, 28000)
2025-02-06 15:49:42,556 - INFO - Performing data augmentation...
2025-02-06 15:49:44,736 - INFO - Augmented data shape: X=(784, 113400), Y=(113400,)
2025-02-06 15:49:44,847 - INFO - Training new model...
2025-02-06 15:49:44,847 - INFO - Starting model training...
2025-02-06 15:50:00,131 - INFO - Epoch    1/1000: cost = 0.2662, train_acc = 95.38%, dev_acc = 95.07%
2025-02-06 15:50:00,140 - INFO - Model parameters saved successfully
2025-02-06 15:50:00,140 - INFO - New best model saved with dev cost: 0.1708
2025-02-06 15:50:15,639 - INFO - Epoch    2/1000: cost = 0.1592, train_acc = 96.60%, dev_acc = 95.07%
2025-02-06 15:50:31,053 - INFO - Epoch    3/1000: cost = 0.1380, train_acc = 96.52%, dev_acc = 95.33%
2025-02-06 15:50:52,444 - INFO - Epoch    4/1000: cost = 0.1187, train_acc = 97.71%, dev_acc = 96.43%
2025-02-06 15:50:52,453 - INFO - Model parameters saved successfully
2025-02-06 15:50:52,453 - INFO - New best model saved with dev cost: 0.1513
2025-02-06 15:51:12,923 - INFO - Epoch    5/1000: cost = 0.1108, train_acc = 97.55%, dev_acc = 95.95%
2025-02-06 15:51:30,479 - INFO - Epoch    6/1000: cost = 0.0976, train_acc = 97.54%, dev_acc = 95.69%
2025-02-06 15:51:45,876 - INFO - Epoch    7/1000: cost = 0.0972, train_acc = 97.82%, dev_acc = 96.07%
2025-02-06 15:52:20,460 - INFO - Starting model pipeline...
2025-02-06 15:52:20,460 - INFO - Loading training data...
2025-02-06 15:52:22,783 - INFO - Train set shape: X=(784, 37800), Y=(37800,)
2025-02-06 15:52:22,783 - INFO - Dev set shape: X=(784, 4200), Y=(4200,)
2025-02-06 15:52:22,783 - INFO - Loading test data...
2025-02-06 15:52:23,857 - INFO - Test set shape: X=(784, 28000)
2025-02-06 15:52:23,875 - INFO - Performing data augmentation...
2025-02-06 15:52:26,074 - INFO - Augmented data shape: X=(784, 113400), Y=(113400,)
2025-02-06 15:52:26,185 - INFO - Training new model...
2025-02-06 15:52:26,185 - INFO - Starting model training...
2025-02-06 15:52:47,423 - INFO - Epoch    1/1000: cost = 0.2985, train_acc = 96.36%, dev_acc = 95.83%
2025-02-06 15:52:47,435 - INFO - Model parameters saved successfully
2025-02-06 15:52:47,435 - INFO - New best model saved with dev cost: 0.1439
2025-02-06 15:53:06,952 - INFO - Epoch    2/1000: cost = 0.1036, train_acc = 97.98%, dev_acc = 96.74%
2025-02-06 15:53:06,952 - INFO - Model parameters saved successfully
2025-02-06 15:53:06,952 - INFO - New best model saved with dev cost: 0.1058
2025-02-06 15:53:30,205 - INFO - Epoch    3/1000: cost = 0.0641, train_acc = 98.57%, dev_acc = 96.76%
2025-02-06 15:53:30,217 - INFO - Model parameters saved successfully
2025-02-06 15:53:30,217 - INFO - New best model saved with dev cost: 0.1044
2025-02-06 15:53:52,140 - INFO - Epoch    4/1000: cost = 0.0432, train_acc = 99.09%, dev_acc = 97.60%
2025-02-06 15:53:52,154 - INFO - Model parameters saved successfully
2025-02-06 15:53:52,155 - INFO - New best model saved with dev cost: 0.0885
2025-02-06 15:54:11,903 - INFO - Epoch    5/1000: cost = 0.0324, train_acc = 99.27%, dev_acc = 97.24%
2025-02-06 15:54:33,008 - INFO - Epoch    6/1000: cost = 0.0247, train_acc = 99.45%, dev_acc = 97.38%
2025-02-06 15:54:55,116 - INFO - Epoch    7/1000: cost = 0.0204, train_acc = 99.47%, dev_acc = 97.40%
2025-02-06 15:55:15,931 - INFO - Epoch    8/1000: cost = 0.0171, train_acc = 99.36%, dev_acc = 97.10%
2025-02-06 15:55:38,901 - INFO - Epoch    9/1000: cost = 0.0149, train_acc = 99.46%, dev_acc = 97.33%
2025-02-06 15:55:59,797 - INFO - Epoch   10/1000: cost = 0.0130, train_acc = 99.64%, dev_acc = 97.07%
2025-02-06 15:56:19,807 - INFO - Epoch   11/1000: cost = 0.0120, train_acc = 99.61%, dev_acc = 97.10%
2025-02-06 15:56:43,048 - INFO - Epoch   12/1000: cost = 0.0131, train_acc = 99.72%, dev_acc = 97.50%
2025-02-06 15:57:03,659 - INFO - Epoch   13/1000: cost = 0.0099, train_acc = 99.63%, dev_acc = 96.93%
2025-02-06 15:57:21,989 - INFO - Epoch   14/1000: cost = 0.0101, train_acc = 99.62%, dev_acc = 97.12%
2025-02-06 15:57:41,859 - INFO - Epoch   15/1000: cost = 0.0093, train_acc = 99.79%, dev_acc = 97.67%
2025-02-06 15:57:59,840 - INFO - Epoch   16/1000: cost = 0.0098, train_acc = 99.80%, dev_acc = 97.19%
2025-02-06 15:58:17,700 - INFO - Epoch   17/1000: cost = 0.0085, train_acc = 99.58%, dev_acc = 97.29%
2025-02-06 15:58:38,150 - INFO - Epoch   18/1000: cost = 0.0084, train_acc = 99.67%, dev_acc = 97.36%
2025-02-06 15:58:48,022 - INFO - Starting model pipeline...
2025-02-06 15:58:48,024 - INFO - Loading training data...
2025-02-06 15:58:50,424 - INFO - Train set shape: X=(784, 37800), Y=(37800,)
2025-02-06 15:58:50,424 - INFO - Dev set shape: X=(784, 4200), Y=(4200,)
2025-02-06 15:58:50,424 - INFO - Loading test data...
2025-02-06 15:58:51,491 - INFO - Test set shape: X=(784, 28000)
2025-02-06 15:58:51,507 - INFO - Performing data augmentation...
2025-02-06 15:58:53,597 - INFO - Augmented data shape: X=(784, 113400), Y=(113400,)
2025-02-06 15:58:53,706 - INFO - Loading existing model...
2025-02-06 15:58:53,712 - INFO - Model parameters loaded successfully
2025-02-06 15:58:53,712 - INFO - Evaluating model performance...
2025-02-06 15:58:55,069 - INFO - Training Accuracy: 99.09%
2025-02-06 15:58:55,134 - INFO - Dev Accuracy: 97.60%
2025-02-06 15:58:55,134 - INFO - Visualizing predictions...
2025-02-06 15:59:05,643 - INFO - Model pipeline completed successfully
2025-02-06 16:14:47,357 - INFO - Starting model pipeline...
2025-02-06 16:14:47,357 - INFO - Loading training data...
2025-02-06 16:14:49,678 - INFO - Train set shape: X=(784, 37800), Y=(37800,)
2025-02-06 16:14:49,678 - INFO - Dev set shape: X=(784, 4200), Y=(4200,)
2025-02-06 16:14:49,678 - INFO - Loading test data...
2025-02-06 16:14:50,757 - INFO - Test set shape: X=(784, 28000)
2025-02-06 16:14:50,772 - INFO - Performing data augmentation...
2025-02-06 16:14:52,907 - INFO - Augmented data shape: X=(784, 113400), Y=(113400,)
2025-02-06 16:14:52,994 - INFO - Training new model...
2025-02-06 16:14:52,996 - INFO - Starting model training...
2025-02-06 16:15:35,330 - INFO - Epoch    1/1000: cost = 0.3001, train_acc = 96.81%, dev_acc = 95.98%
2025-02-06 16:15:35,345 - INFO - Model parameters saved successfully
2025-02-06 16:15:35,345 - INFO - New best model saved with dev cost: 0.1356
2025-02-06 16:16:17,839 - INFO - Epoch    2/1000: cost = 0.1279, train_acc = 97.91%, dev_acc = 96.52%
2025-02-06 16:16:17,857 - INFO - Model parameters saved successfully
2025-02-06 16:16:17,859 - INFO - New best model saved with dev cost: 0.1169
2025-02-06 16:16:59,549 - INFO - Epoch    3/1000: cost = 0.0911, train_acc = 98.29%, dev_acc = 96.81%
2025-02-06 16:16:59,574 - INFO - Model parameters saved successfully
2025-02-06 16:16:59,574 - INFO - New best model saved with dev cost: 0.1073
2025-02-06 16:17:41,263 - INFO - Epoch    4/1000: cost = 0.0734, train_acc = 99.08%, dev_acc = 97.45%
2025-02-06 16:17:41,281 - INFO - Model parameters saved successfully
2025-02-06 16:17:41,281 - INFO - New best model saved with dev cost: 0.0975
2025-02-06 16:18:23,390 - INFO - Epoch    5/1000: cost = 0.0617, train_acc = 99.00%, dev_acc = 97.52%
2025-02-06 16:18:23,403 - INFO - Model parameters saved successfully
2025-02-06 16:18:23,403 - INFO - New best model saved with dev cost: 0.0833
2025-02-06 16:19:04,897 - INFO - Epoch    6/1000: cost = 0.0546, train_acc = 99.11%, dev_acc = 97.40%
2025-02-06 16:19:47,080 - INFO - Epoch    7/1000: cost = 0.0529, train_acc = 99.35%, dev_acc = 97.24%
2025-02-06 16:20:28,254 - INFO - Epoch    8/1000: cost = 0.0471, train_acc = 99.59%, dev_acc = 97.83%
2025-02-06 16:21:09,385 - INFO - Epoch    9/1000: cost = 0.0419, train_acc = 99.48%, dev_acc = 97.40%
2025-02-06 16:21:50,662 - INFO - Epoch   10/1000: cost = 0.0456, train_acc = 99.57%, dev_acc = 97.57%
2025-02-06 16:21:50,663 - INFO - Learning rate decayed to 0.000100
2025-02-06 16:22:31,821 - INFO - Epoch   11/1000: cost = 0.0395, train_acc = 99.71%, dev_acc = 97.69%
2025-02-06 16:23:13,256 - INFO - Epoch   12/1000: cost = 0.0390, train_acc = 99.72%, dev_acc = 97.60%
2025-02-06 16:23:54,718 - INFO - Epoch   13/1000: cost = 0.0394, train_acc = 99.66%, dev_acc = 97.69%
2025-02-06 16:24:35,923 - INFO - Epoch   14/1000: cost = 0.0406, train_acc = 99.61%, dev_acc = 97.81%
2025-02-06 16:25:17,103 - INFO - Epoch   15/1000: cost = 0.0403, train_acc = 99.64%, dev_acc = 97.83%
2025-02-06 16:25:17,111 - INFO - Learning rate decayed to 0.000010
2025-02-06 16:25:58,435 - INFO - Epoch   16/1000: cost = 0.0382, train_acc = 99.70%, dev_acc = 97.57%
2025-02-06 16:26:39,847 - INFO - Epoch   17/1000: cost = 0.0383, train_acc = 99.83%, dev_acc = 98.02%
2025-02-06 16:27:21,050 - INFO - Epoch   18/1000: cost = 0.0356, train_acc = 99.71%, dev_acc = 97.90%
2025-02-06 16:28:02,699 - INFO - Epoch   19/1000: cost = 0.0395, train_acc = 99.81%, dev_acc = 97.93%
2025-02-06 16:28:44,269 - INFO - Epoch   20/1000: cost = 0.0377, train_acc = 99.83%, dev_acc = 97.83%
2025-02-06 16:28:44,269 - INFO - Learning rate decayed to 0.000001
2025-02-06 16:29:25,804 - INFO - Epoch   21/1000: cost = 0.0388, train_acc = 99.70%, dev_acc = 97.95%
2025-02-06 16:30:07,070 - INFO - Epoch   22/1000: cost = 0.0423, train_acc = 99.75%, dev_acc = 98.07%
2025-02-06 16:30:48,284 - INFO - Epoch   23/1000: cost = 0.0383, train_acc = 99.88%, dev_acc = 97.93%
2025-02-06 16:31:29,615 - INFO - Epoch   24/1000: cost = 0.0363, train_acc = 99.81%, dev_acc = 97.83%
2025-02-06 16:32:10,822 - INFO - Epoch   25/1000: cost = 0.0437, train_acc = 99.84%, dev_acc = 97.71%
2025-02-06 16:32:10,822 - INFO - Learning rate decayed to 0.000000
2025-02-06 16:32:52,745 - INFO - Epoch   26/1000: cost = 0.0413, train_acc = 99.86%, dev_acc = 97.86%
2025-02-06 16:33:35,716 - INFO - Epoch   27/1000: cost = 0.0395, train_acc = 99.85%, dev_acc = 97.88%
2025-02-06 16:34:17,112 - INFO - Epoch   28/1000: cost = 0.0411, train_acc = 99.89%, dev_acc = 98.05%
2025-02-06 16:34:58,701 - INFO - Epoch   29/1000: cost = 0.0402, train_acc = 99.87%, dev_acc = 98.05%
2025-02-06 16:35:40,034 - INFO - Epoch   30/1000: cost = 0.0450, train_acc = 99.79%, dev_acc = 97.88%
2025-02-06 16:35:40,036 - INFO - Learning rate decayed to 0.000000
2025-02-06 16:36:21,488 - INFO - Epoch   31/1000: cost = 0.0419, train_acc = 99.87%, dev_acc = 97.86%
2025-02-06 16:37:02,768 - INFO - Epoch   32/1000: cost = 0.0461, train_acc = 99.88%, dev_acc = 97.74%
2025-02-06 16:37:44,298 - INFO - Epoch   33/1000: cost = 0.0427, train_acc = 99.90%, dev_acc = 98.10%
2025-02-06 16:38:25,832 - INFO - Epoch   34/1000: cost = 0.0452, train_acc = 99.91%, dev_acc = 98.05%
2025-02-06 16:39:07,258 - INFO - Epoch   35/1000: cost = 0.0462, train_acc = 99.84%, dev_acc = 97.86%
2025-02-06 16:39:07,258 - INFO - Learning rate decayed to 0.000000
2025-02-06 16:39:48,744 - INFO - Epoch   36/1000: cost = 0.0472, train_acc = 99.87%, dev_acc = 97.90%
2025-02-06 16:40:30,043 - INFO - Epoch   37/1000: cost = 0.0485, train_acc = 99.91%, dev_acc = 98.26%
2025-02-06 16:41:11,306 - INFO - Epoch   38/1000: cost = 0.0492, train_acc = 99.90%, dev_acc = 97.95%
2025-02-06 16:41:52,406 - INFO - Epoch   39/1000: cost = 0.0410, train_acc = 99.88%, dev_acc = 98.14%
2025-02-06 16:42:33,672 - INFO - Epoch   40/1000: cost = 0.0475, train_acc = 99.90%, dev_acc = 98.02%
2025-02-06 16:42:33,672 - INFO - Learning rate decayed to 0.000000
2025-02-06 16:43:14,999 - INFO - Epoch   41/1000: cost = 0.0515, train_acc = 99.90%, dev_acc = 97.88%
2025-02-06 16:43:56,503 - INFO - Epoch   42/1000: cost = 0.0499, train_acc = 99.86%, dev_acc = 98.10%
2025-02-06 16:44:37,903 - INFO - Epoch   43/1000: cost = 0.0535, train_acc = 99.90%, dev_acc = 97.95%
2025-02-06 17:03:11,496 - INFO - Epoch   44/1000: cost = 0.0543, train_acc = 99.92%, dev_acc = 97.90%
2025-02-06 17:03:55,991 - INFO - Epoch   45/1000: cost = 0.0511, train_acc = 99.95%, dev_acc = 97.95%
2025-02-06 17:03:55,991 - INFO - Learning rate decayed to 0.000000
2025-02-06 17:04:44,365 - INFO - Epoch   46/1000: cost = 0.0462, train_acc = 99.90%, dev_acc = 97.95%
2025-02-06 17:05:31,604 - INFO - Epoch   47/1000: cost = 0.0512, train_acc = 99.97%, dev_acc = 98.10%
2025-02-06 17:06:19,901 - INFO - Epoch   48/1000: cost = 0.0483, train_acc = 99.94%, dev_acc = 98.19%
2025-02-06 17:07:16,255 - INFO - Epoch   49/1000: cost = 0.0543, train_acc = 99.95%, dev_acc = 98.07%
2025-02-06 17:08:11,405 - INFO - Epoch   50/1000: cost = 0.0505, train_acc = 99.92%, dev_acc = 97.86%
2025-02-06 17:08:11,407 - INFO - Learning rate decayed to 0.000000
2025-02-06 17:09:04,388 - INFO - Epoch   51/1000: cost = 0.0482, train_acc = 99.93%, dev_acc = 98.00%
2025-02-06 17:10:01,815 - INFO - Epoch   52/1000: cost = 0.0553, train_acc = 99.92%, dev_acc = 97.88%
2025-02-06 17:10:56,357 - INFO - Epoch   53/1000: cost = 0.0501, train_acc = 99.92%, dev_acc = 97.88%
2025-02-06 17:11:53,595 - INFO - Epoch   54/1000: cost = 0.0586, train_acc = 99.95%, dev_acc = 98.24%
2025-02-06 17:12:45,359 - INFO - Epoch   55/1000: cost = 0.0546, train_acc = 99.95%, dev_acc = 98.05%
2025-02-06 17:12:45,359 - INFO - Learning rate decayed to 0.000000
2025-02-06 17:13:41,960 - INFO - Epoch   56/1000: cost = 0.0586, train_acc = 99.95%, dev_acc = 98.10%
2025-02-06 17:14:30,071 - INFO - Epoch   57/1000: cost = 0.0561, train_acc = 99.95%, dev_acc = 98.26%
2025-02-06 17:15:17,896 - INFO - Epoch   58/1000: cost = 0.0552, train_acc = 99.96%, dev_acc = 98.36%
2025-02-06 17:15:54,594 - INFO - Starting model pipeline...
2025-02-06 17:15:54,594 - INFO - Loading training data...
2025-02-06 17:15:56,990 - INFO - Train set shape: X=(784, 37800), Y=(37800,)
2025-02-06 17:15:56,990 - INFO - Dev set shape: X=(784, 4200), Y=(4200,)
2025-02-06 17:15:56,990 - INFO - Loading test data...
2025-02-06 17:15:58,039 - INFO - Test set shape: X=(784, 28000)
2025-02-06 17:15:58,057 - INFO - Performing data augmentation...
2025-02-06 17:16:00,152 - INFO - Augmented data shape: X=(784, 113400), Y=(113400,)
2025-02-06 17:16:00,257 - INFO - Loading existing model...
2025-02-06 17:16:00,269 - INFO - Model parameters loaded successfully
2025-02-06 17:16:00,269 - INFO - Evaluating model performance...
2025-02-06 17:16:03,172 - INFO - Training Accuracy: 99.00%
2025-02-06 17:16:03,274 - INFO - Dev Accuracy: 97.52%
2025-02-06 17:16:03,274 - INFO - Visualizing predictions...
2025-02-06 17:16:17,871 - INFO - Model pipeline completed successfully
2025-02-06 17:24:55,166 - INFO - Starting model pipeline...
2025-02-06 17:24:55,168 - INFO - Loading training data...
2025-02-06 17:24:57,476 - INFO - Train set shape: X=(784, 37800), Y=(37800,)
2025-02-06 17:24:57,476 - INFO - Dev set shape: X=(784, 4200), Y=(4200,)
2025-02-06 17:24:57,476 - INFO - Loading test data...
2025-02-06 17:24:58,528 - INFO - Test set shape: X=(784, 28000)
2025-02-06 17:24:58,544 - INFO - Performing data augmentation...
2025-02-06 17:25:00,746 - INFO - Augmented data shape: X=(784, 113400), Y=(113400,)
2025-02-06 17:25:00,841 - INFO - Loading existing model...
2025-02-06 17:25:00,857 - INFO - Model parameters loaded successfully
2025-02-06 17:25:00,857 - INFO - Evaluating model performance...
2025-02-06 17:25:03,721 - INFO - Training Accuracy: 99.00%
2025-02-06 17:25:03,846 - INFO - Dev Accuracy: 97.52%
2025-02-06 17:25:03,846 - INFO - Visualizing predictions...
2025-02-06 17:25:12,975 - INFO - Model pipeline completed successfully
2025-02-06 17:28:56,205 - INFO - Starting model pipeline...
2025-02-06 17:28:56,205 - INFO - Loading training data...
2025-02-06 17:28:58,559 - INFO - Train set shape: X=(784, 37800), Y=(37800,)
2025-02-06 17:28:58,559 - INFO - Dev set shape: X=(784, 4200), Y=(4200,)
2025-02-06 17:28:58,560 - INFO - Loading test data...
2025-02-06 17:28:59,688 - INFO - Test set shape: X=(784, 28000)
2025-02-06 17:28:59,704 - INFO - Performing data augmentation...
2025-02-06 17:29:01,780 - INFO - Augmented data shape: X=(784, 113400), Y=(113400,)
2025-02-06 17:29:01,890 - INFO - Training new model...
2025-02-06 17:29:01,890 - INFO - Starting model training...
2025-02-06 17:29:43,823 - INFO - Epoch    1/1000: cost = 0.3001, train_acc = 96.81%, dev_acc = 95.98%
2025-02-06 17:29:43,835 - INFO - Model parameters saved successfully
2025-02-06 17:29:43,835 - INFO - New best model saved with dev cost: 0.1356
2025-02-06 17:30:26,543 - INFO - Epoch    2/1000: cost = 0.1279, train_acc = 97.91%, dev_acc = 96.52%
2025-02-06 17:30:26,564 - INFO - Model parameters saved successfully
2025-02-06 17:30:26,564 - INFO - New best model saved with dev cost: 0.1169
2025-02-06 17:31:08,176 - INFO - Epoch    3/1000: cost = 0.0911, train_acc = 98.29%, dev_acc = 96.81%
2025-02-06 17:31:08,190 - INFO - Model parameters saved successfully
2025-02-06 17:31:08,193 - INFO - New best model saved with dev cost: 0.1073
2025-02-06 17:31:49,887 - INFO - Epoch    4/1000: cost = 0.0734, train_acc = 99.08%, dev_acc = 97.45%
2025-02-06 17:31:49,902 - INFO - Model parameters saved successfully
2025-02-06 17:31:49,902 - INFO - New best model saved with dev cost: 0.0975
2025-02-06 17:32:31,126 - INFO - Epoch    5/1000: cost = 0.0617, train_acc = 99.00%, dev_acc = 97.52%
2025-02-06 17:32:31,136 - INFO - Model parameters saved successfully
2025-02-06 17:32:31,136 - INFO - New best model saved with dev cost: 0.0833
2025-02-06 17:33:13,632 - INFO - Epoch    6/1000: cost = 0.0546, train_acc = 99.11%, dev_acc = 97.40%
2025-02-06 17:33:55,865 - INFO - Epoch    7/1000: cost = 0.0529, train_acc = 99.35%, dev_acc = 97.24%
2025-02-06 17:34:38,032 - INFO - Epoch    8/1000: cost = 0.0471, train_acc = 99.59%, dev_acc = 97.83%
2025-02-06 17:35:19,730 - INFO - Epoch    9/1000: cost = 0.0419, train_acc = 99.48%, dev_acc = 97.40%
2025-02-06 17:36:03,761 - INFO - Epoch   10/1000: cost = 0.0456, train_acc = 99.57%, dev_acc = 97.57%
2025-02-06 17:36:49,696 - INFO - Epoch   11/1000: cost = 0.0395, train_acc = 99.71%, dev_acc = 97.69%
2025-02-06 17:37:38,289 - INFO - Epoch   12/1000: cost = 0.0390, train_acc = 99.72%, dev_acc = 97.60%
2025-02-06 17:38:25,790 - INFO - Epoch   13/1000: cost = 0.0394, train_acc = 99.66%, dev_acc = 97.69%
2025-02-06 17:39:11,871 - INFO - Epoch   14/1000: cost = 0.0406, train_acc = 99.61%, dev_acc = 97.81%
2025-02-06 17:40:00,275 - INFO - Epoch   15/1000: cost = 0.0403, train_acc = 99.64%, dev_acc = 97.83%
2025-02-06 17:40:56,046 - INFO - Epoch   16/1000: cost = 0.0382, train_acc = 99.70%, dev_acc = 97.57%
2025-02-06 17:41:46,617 - INFO - Epoch   17/1000: cost = 0.0383, train_acc = 99.83%, dev_acc = 98.02%
2025-02-06 17:42:37,678 - INFO - Epoch   18/1000: cost = 0.0356, train_acc = 99.71%, dev_acc = 97.90%
2025-02-06 17:43:29,143 - INFO - Epoch   19/1000: cost = 0.0395, train_acc = 99.81%, dev_acc = 97.93%
2025-02-06 17:44:18,903 - INFO - Epoch   20/1000: cost = 0.0377, train_acc = 99.83%, dev_acc = 97.83%
2025-02-06 17:45:06,651 - INFO - Epoch   21/1000: cost = 0.0388, train_acc = 99.70%, dev_acc = 97.95%
2025-02-06 17:45:53,682 - INFO - Epoch   22/1000: cost = 0.0423, train_acc = 99.75%, dev_acc = 98.07%
2025-02-06 17:46:43,678 - INFO - Epoch   23/1000: cost = 0.0383, train_acc = 99.88%, dev_acc = 97.93%
2025-02-06 17:47:30,569 - INFO - Epoch   24/1000: cost = 0.0363, train_acc = 99.81%, dev_acc = 97.83%
2025-02-06 17:48:18,406 - INFO - Epoch   25/1000: cost = 0.0437, train_acc = 99.84%, dev_acc = 97.71%
2025-02-06 17:48:18,406 - INFO - Early stopping triggered at epoch 25
2025-02-06 17:48:19,023 - INFO - Evaluating model performance...
2025-02-06 17:48:23,120 - INFO - Training Accuracy: 99.84%
2025-02-06 17:48:23,258 - INFO - Dev Accuracy: 97.71%
2025-02-06 17:48:23,258 - INFO - Visualizing predictions...
2025-02-06 17:48:33,057 - INFO - Model pipeline completed successfully
2025-02-06 18:14:53,255 - INFO - Starting model pipeline...
2025-02-06 18:14:53,257 - INFO - Loading training data...
2025-02-06 18:14:56,418 - INFO - Train set shape: X=(784, 37800), Y=(37800,)
2025-02-06 18:14:56,418 - INFO - Dev set shape: X=(784, 4200), Y=(4200,)
2025-02-06 18:14:56,440 - INFO - Loading test data...
2025-02-06 18:14:57,596 - INFO - Test set shape: X=(784, 28000)
2025-02-06 18:14:57,611 - INFO - Performing data augmentation...
2025-02-06 18:14:59,748 - INFO - Augmented data shape: X=(784, 113400), Y=(113400,)
2025-02-06 18:14:59,829 - INFO - Training new model...
2025-02-06 18:14:59,829 - INFO - Starting model training...
2025-02-06 18:15:03,860 - ERROR - Error in main execution: 'Z1'
2025-02-06 18:53:43,385 - ERROR - Error in main execution: 'ModelConfig' object has no attribute 'learning_rate'
2025-02-06 18:54:22,792 - INFO - Starting model pipeline...
2025-02-06 18:54:22,792 - INFO - Loading training data...
2025-02-06 18:54:25,757 - ERROR - Error in data loading: 'ModelConfig' object has no attribute 'dev_set_size'
2025-02-06 18:54:25,757 - ERROR - Error in main execution: 'ModelConfig' object has no attribute 'dev_set_size'
2025-02-06 18:54:46,151 - INFO - Starting model pipeline...
2025-02-06 18:54:46,151 - INFO - Loading training data...
2025-02-06 18:54:49,159 - INFO - Train set shape: X=(784, 33600), Y=(33600,)
2025-02-06 18:54:49,159 - INFO - Dev set shape: X=(784, 8400), Y=(8400,)
2025-02-06 18:54:49,169 - INFO - Loading test data...
2025-02-06 18:54:50,308 - INFO - Test set shape: X=(784, 28000)
2025-02-06 18:54:50,329 - INFO - Training new model...
2025-02-06 18:54:50,329 - INFO - Starting model training...
2025-02-06 18:55:26,045 - ERROR - Error in main execution: 'ModelConfig' object has no attribute 'growth_epochs'
2025-02-06 18:55:59,688 - INFO - Starting model pipeline...
2025-02-06 18:55:59,688 - INFO - Loading training data...
2025-02-06 18:56:02,691 - INFO - Train set shape: X=(784, 33600), Y=(33600,)
2025-02-06 18:56:02,691 - INFO - Dev set shape: X=(784, 8400), Y=(8400,)
2025-02-06 18:56:02,707 - INFO - Loading test data...
2025-02-06 18:56:03,790 - INFO - Test set shape: X=(784, 28000)
2025-02-06 18:56:03,814 - INFO - Training new model...
2025-02-06 18:56:03,814 - INFO - Starting model training...
2025-02-06 18:56:40,137 - INFO - Epoch    1/1000: cost = 605.5802, train_acc = 9.73%, dev_acc = 9.82%, lr = 0.000200
2025-02-06 18:56:40,169 - INFO - Model parameters saved successfully
2025-02-06 18:56:40,169 - INFO - New best model saved with dev cost: 2.3026
2025-02-06 18:57:15,160 - INFO - Epoch    2/1000: cost = 605.5857, train_acc = 9.85%, dev_acc = 10.02%, lr = 0.000400
2025-02-06 18:57:59,639 - INFO - Epoch    3/1000: cost = 605.6250, train_acc = 9.68%, dev_acc = 9.77%, lr = 0.000600
2025-02-06 18:58:37,780 - INFO - Starting model pipeline...
2025-02-06 18:58:37,780 - INFO - Loading training data...
2025-02-06 18:58:40,664 - INFO - Train set shape: X=(784, 33600), Y=(33600,)
2025-02-06 18:58:40,664 - INFO - Dev set shape: X=(784, 8400), Y=(8400,)
2025-02-06 18:58:40,682 - INFO - Loading test data...
2025-02-06 18:58:41,777 - INFO - Test set shape: X=(784, 28000)
2025-02-06 18:58:41,791 - INFO - Training new model...
2025-02-06 18:58:41,792 - INFO - Starting model training...
2025-02-06 21:02:31,839 - INFO - Starting model pipeline...
2025-02-06 21:02:31,839 - INFO - Loading training data...
2025-02-06 21:02:35,049 - INFO - Applying data augmentation...
2025-02-06 21:02:49,009 - INFO - Train set: X=(784, 134400), Y=(134400,)
2025-02-06 21:02:49,009 - INFO - Dev set: X=(784, 8400), Y=(8400,)
2025-02-06 21:02:49,020 - INFO - Initializing training...
2025-02-06 21:02:49,033 - ERROR - Error in main execution: operands could not be broadcast together with shapes (10,128) (128,10) 
2025-02-06 21:05:56,459 - INFO - Starting model pipeline...
2025-02-06 21:05:56,459 - INFO - Loading training data...
2025-02-06 21:05:59,351 - INFO - Applying data augmentation...
2025-02-06 21:06:13,888 - INFO - Train set: X=(784, 134400), Y=(134400,)
2025-02-06 21:06:13,888 - INFO - Dev set: X=(784, 8400), Y=(8400,)
2025-02-06 21:06:13,900 - INFO - Initializing training...
2025-02-06 21:07:47,359 - INFO - Epoch 1/1000: train_acc=90.08%, dev_acc=91.79%
2025-02-06 21:07:47,401 - INFO - Model saved: model_acc91.79_epoch0.npz
2025-02-06 21:08:01,601 - INFO - Epoch 2/1000: train_acc=93.22%, dev_acc=94.23%
2025-02-06 21:08:01,636 - INFO - Model saved: model_acc94.23_epoch1.npz
2025-02-06 21:08:15,018 - INFO - Epoch 3/1000: train_acc=94.28%, dev_acc=94.82%
2025-02-06 21:08:15,050 - INFO - Model saved: model_acc94.82_epoch2.npz
2025-02-06 21:08:28,532 - INFO - Epoch 4/1000: train_acc=94.85%, dev_acc=95.24%
2025-02-06 21:08:28,566 - INFO - Model saved: model_acc95.24_epoch3.npz
2025-02-06 21:08:42,008 - INFO - Epoch 5/1000: train_acc=95.19%, dev_acc=95.45%
2025-02-06 21:08:42,047 - INFO - Model saved: model_acc95.45_epoch4.npz
2025-02-06 21:10:15,035 - INFO - Epoch 6/1000: train_acc=95.43%, dev_acc=95.68%
2025-02-06 21:10:15,072 - INFO - Model saved: model_acc95.68_epoch5.npz
2025-02-06 21:10:28,909 - INFO - Epoch 7/1000: train_acc=96.22%, dev_acc=96.19%
2025-02-06 21:10:28,935 - INFO - Model saved: model_acc96.19_epoch6.npz
2025-02-06 21:10:42,279 - INFO - Epoch 8/1000: train_acc=96.07%, dev_acc=96.33%
2025-02-06 21:10:42,320 - INFO - Model saved: model_acc96.33_epoch7.npz
2025-02-06 21:10:57,201 - INFO - Epoch 9/1000: train_acc=95.97%, dev_acc=96.14%
2025-02-06 21:11:12,120 - INFO - Epoch 10/1000: train_acc=96.36%, dev_acc=96.44%
2025-02-06 21:11:12,160 - INFO - Model saved: model_acc96.44_epoch9.npz
2025-02-06 21:12:46,674 - INFO - Epoch 11/1000: train_acc=96.44%, dev_acc=96.37%
2025-02-06 21:12:46,677 - INFO - Growing network from 128 to 192 units
2025-02-06 21:12:46,705 - ERROR - Error in main execution: operands could not be broadcast together with shapes (128,784) (192,784) 
2025-02-06 21:23:00,595 - INFO - Starting scenario comparison training...
2025-02-06 21:23:00,595 - INFO - Loading training data...
2025-02-06 21:23:03,427 - INFO - Applying data augmentation...
2025-02-06 21:23:16,709 - INFO - Train set: X=(784, 134400), Y=(134400,)
2025-02-06 21:23:16,709 - INFO - Dev set: X=(784, 8400), Y=(8400,)
2025-02-06 21:23:16,730 - INFO - 
Starting scenario: fast
2025-02-06 21:23:16,730 - INFO - ==================================================
2025-02-06 21:23:16,730 - INFO - Initializing training...
2025-02-06 21:25:16,262 - INFO - Epoch 1/1000: train_acc=89.72%, dev_acc=91.14%
2025-02-06 21:25:16,348 - INFO - Model saved: model_acc91.14_epoch0.npz
2025-02-06 21:25:47,857 - INFO - Epoch 2/1000: train_acc=92.72%, dev_acc=93.49%
2025-02-06 21:25:47,954 - INFO - Model saved: model_acc93.49_epoch1.npz
2025-02-06 21:26:18,311 - INFO - Epoch 3/1000: train_acc=94.23%, dev_acc=94.56%
2025-02-06 21:26:18,438 - INFO - Model saved: model_acc94.56_epoch2.npz
2025-02-06 21:26:49,887 - INFO - Epoch 4/1000: train_acc=94.72%, dev_acc=94.81%
2025-02-06 21:26:49,984 - INFO - Model saved: model_acc94.81_epoch3.npz
2025-02-06 21:27:21,987 - INFO - Epoch 5/1000: train_acc=95.11%, dev_acc=95.24%
2025-02-06 21:27:22,096 - INFO - Model saved: model_acc95.24_epoch4.npz
2025-02-06 21:30:26,686 - INFO - Epoch 6/1000: train_acc=95.32%, dev_acc=95.33%
2025-02-06 21:30:26,775 - INFO - Model saved: model_acc95.33_epoch5.npz
2025-02-06 21:31:03,963 - INFO - Epoch 7/1000: train_acc=95.84%, dev_acc=95.92%
2025-02-06 21:31:04,063 - INFO - Model saved: model_acc95.92_epoch6.npz
2025-02-06 21:31:35,490 - INFO - Epoch 8/1000: train_acc=95.88%, dev_acc=95.71%
2025-02-06 21:32:03,625 - INFO - Epoch 9/1000: train_acc=95.89%, dev_acc=95.70%
2025-02-06 21:32:31,149 - INFO - Epoch 10/1000: train_acc=96.27%, dev_acc=96.17%
2025-02-06 21:32:31,237 - INFO - Model saved: model_acc96.17_epoch9.npz
2025-02-06 21:34:12,180 - INFO - Epoch 11/1000: train_acc=96.43%, dev_acc=96.17%
2025-02-06 21:34:12,182 - INFO - Growing network from 128 to 192 units
2025-02-06 21:34:38,451 - INFO - Epoch 12/1000: train_acc=96.65%, dev_acc=96.38%
2025-02-06 21:34:38,506 - INFO - Model saved: model_acc96.38_epoch11.npz
2025-02-06 21:35:03,533 - INFO - Epoch 13/1000: train_acc=96.65%, dev_acc=96.26%
2025-02-06 21:35:29,455 - INFO - Epoch 14/1000: train_acc=97.12%, dev_acc=96.71%
2025-02-06 21:35:29,517 - INFO - Model saved: model_acc96.71_epoch13.npz
2025-02-06 21:35:54,152 - INFO - Epoch 15/1000: train_acc=97.30%, dev_acc=97.00%
2025-02-06 21:35:54,200 - INFO - Model saved: model_acc97.00_epoch14.npz
2025-02-06 21:37:40,246 - INFO - Epoch 16/1000: train_acc=97.39%, dev_acc=96.80%
2025-02-06 21:38:04,615 - INFO - Epoch 17/1000: train_acc=97.53%, dev_acc=97.02%
2025-02-06 21:38:04,674 - INFO - Model saved: model_acc97.02_epoch16.npz
2025-02-06 21:38:29,882 - INFO - Epoch 18/1000: train_acc=97.75%, dev_acc=96.96%
2025-02-06 21:38:56,969 - INFO - Epoch 19/1000: train_acc=97.72%, dev_acc=97.14%
2025-02-06 21:38:57,035 - INFO - Model saved: model_acc97.14_epoch18.npz
2025-02-06 21:39:22,418 - INFO - Epoch 20/1000: train_acc=97.90%, dev_acc=97.30%
2025-02-06 21:39:22,471 - INFO - Model saved: model_acc97.30_epoch19.npz
2025-02-06 21:41:08,611 - INFO - Epoch 21/1000: train_acc=97.62%, dev_acc=96.99%
2025-02-06 21:41:08,623 - INFO - Growing network from 192 to 256 units
2025-02-06 21:41:40,844 - INFO - Epoch 22/1000: train_acc=97.67%, dev_acc=97.05%
2025-02-06 21:42:11,972 - INFO - Epoch 23/1000: train_acc=97.84%, dev_acc=97.20%
2025-02-06 21:42:44,877 - INFO - Epoch 24/1000: train_acc=97.92%, dev_acc=97.01%
2025-02-06 21:43:15,896 - INFO - Epoch 25/1000: train_acc=97.88%, dev_acc=97.21%
2025-02-06 21:45:07,748 - INFO - Epoch 26/1000: train_acc=98.15%, dev_acc=97.35%
2025-02-06 21:45:07,856 - INFO - Model saved: model_acc97.35_epoch25.npz
2025-02-06 21:45:40,159 - INFO - Epoch 27/1000: train_acc=98.11%, dev_acc=97.44%
2025-02-06 21:45:40,215 - INFO - Model saved: model_acc97.44_epoch26.npz
2025-02-06 21:46:12,409 - INFO - Epoch 28/1000: train_acc=98.22%, dev_acc=97.42%
2025-02-06 21:46:45,924 - INFO - Epoch 29/1000: train_acc=98.06%, dev_acc=97.26%
2025-02-06 21:47:17,852 - INFO - Epoch 30/1000: train_acc=98.30%, dev_acc=97.31%
2025-02-06 21:49:12,178 - INFO - Epoch 31/1000: train_acc=98.25%, dev_acc=97.52%
2025-02-06 21:49:12,178 - INFO - Growing network from 256 to 320 units
2025-02-06 21:49:12,279 - INFO - Model saved: model_acc97.52_epoch30.npz
2025-02-06 21:49:51,412 - INFO - Epoch 32/1000: train_acc=98.07%, dev_acc=97.18%
2025-02-06 21:50:29,976 - INFO - Epoch 33/1000: train_acc=98.17%, dev_acc=97.29%
2025-02-06 21:51:09,307 - INFO - Epoch 34/1000: train_acc=98.35%, dev_acc=97.50%
2025-02-06 21:51:49,090 - INFO - Epoch 35/1000: train_acc=98.38%, dev_acc=97.40%
2025-02-06 21:53:50,432 - INFO - Epoch 36/1000: train_acc=98.49%, dev_acc=97.57%
2025-02-06 21:53:50,585 - INFO - Model saved: model_acc97.57_epoch35.npz
2025-02-06 21:54:30,122 - INFO - Epoch 37/1000: train_acc=98.36%, dev_acc=97.42%
2025-02-06 21:55:11,688 - INFO - Epoch 38/1000: train_acc=98.50%, dev_acc=97.58%
2025-02-06 21:55:11,784 - INFO - Model saved: model_acc97.58_epoch37.npz
2025-02-06 21:55:52,431 - INFO - Epoch 39/1000: train_acc=98.57%, dev_acc=97.49%
2025-02-06 21:56:33,569 - INFO - Epoch 40/1000: train_acc=98.40%, dev_acc=97.32%
2025-02-06 21:58:43,778 - INFO - Epoch 41/1000: train_acc=98.73%, dev_acc=97.70%
2025-02-06 21:58:43,780 - INFO - Growing network from 320 to 384 units
2025-02-06 21:58:43,964 - INFO - Model saved: model_acc97.70_epoch40.npz
2025-02-06 21:59:37,699 - INFO - Epoch 42/1000: train_acc=98.48%, dev_acc=97.67%
2025-02-06 22:00:30,226 - INFO - Epoch 43/1000: train_acc=98.74%, dev_acc=97.70%
2025-02-06 22:01:23,274 - INFO - Epoch 44/1000: train_acc=98.69%, dev_acc=97.56%
2025-02-06 22:02:16,641 - INFO - Epoch 45/1000: train_acc=98.59%, dev_acc=97.46%
2025-02-06 22:04:33,296 - INFO - Epoch 46/1000: train_acc=98.92%, dev_acc=97.77%
2025-02-06 22:04:33,427 - INFO - Model saved: model_acc97.77_epoch45.npz
2025-02-06 22:05:27,167 - INFO - Epoch 47/1000: train_acc=98.84%, dev_acc=97.77%
2025-02-06 22:06:20,647 - INFO - Epoch 48/1000: train_acc=98.91%, dev_acc=97.82%
2025-02-06 22:06:20,753 - INFO - Model saved: model_acc97.82_epoch47.npz
2025-02-06 22:07:16,581 - INFO - Epoch 49/1000: train_acc=98.82%, dev_acc=97.87%
2025-02-06 22:07:16,690 - INFO - Model saved: model_acc97.87_epoch48.npz
2025-02-06 22:08:11,595 - INFO - Epoch 50/1000: train_acc=98.84%, dev_acc=97.71%
2025-02-06 22:10:27,609 - INFO - Epoch 51/1000: train_acc=98.80%, dev_acc=97.71%
2025-02-06 22:10:27,609 - INFO - Growing network from 384 to 448 units
2025-02-06 22:11:30,212 - INFO - Epoch 52/1000: train_acc=99.01%, dev_acc=97.81%
2025-02-06 22:12:33,049 - INFO - Epoch 53/1000: train_acc=98.94%, dev_acc=97.81%
2025-02-06 22:13:35,043 - INFO - Epoch 54/1000: train_acc=98.91%, dev_acc=97.74%
2025-02-06 22:14:38,957 - INFO - Epoch 55/1000: train_acc=98.89%, dev_acc=97.81%
2025-02-06 22:17:05,227 - INFO - Epoch 56/1000: train_acc=99.00%, dev_acc=97.70%
2025-02-06 22:18:08,791 - INFO - Epoch 57/1000: train_acc=99.14%, dev_acc=98.11%
2025-02-06 22:18:08,986 - INFO - Model saved: model_acc98.11_epoch56.npz
2025-02-06 22:18:08,986 - INFO - Target accuracy 98.0% reached!
2025-02-06 22:18:09,132 - INFO - Model saved: model_acc98.11_epoch56.npz
2025-02-06 22:18:09,917 - ERROR - Scenario fast failed: [Errno 2] No such file or directory: 'C:\\Users\\lahse\\Desktop\\4AI\\Neural Network\\Handwritten_degits_recognition\\Results\\fast\\fast_results.png'
2025-02-06 22:18:10,039 - INFO - 
Starting scenario: memory_optimized
2025-02-06 22:18:10,039 - INFO - ==================================================
2025-02-06 22:18:10,039 - INFO - Initializing training...
2025-02-06 22:19:47,840 - INFO - Epoch 1/1000: train_acc=89.73%, dev_acc=91.32%
2025-02-06 22:19:47,868 - INFO - Model saved: model_acc91.32_epoch0.npz
2025-02-06 22:20:02,390 - INFO - Epoch 2/1000: train_acc=92.67%, dev_acc=93.30%
2025-02-06 22:20:02,433 - INFO - Model saved: model_acc93.30_epoch1.npz
2025-02-06 22:20:16,050 - INFO - Epoch 3/1000: train_acc=94.47%, dev_acc=94.87%
2025-02-06 22:20:16,086 - INFO - Model saved: model_acc94.87_epoch2.npz
2025-02-06 22:20:30,016 - INFO - Epoch 4/1000: train_acc=94.74%, dev_acc=94.85%
2025-02-06 22:20:44,627 - INFO - Epoch 5/1000: train_acc=95.15%, dev_acc=95.39%
2025-02-06 22:20:44,658 - INFO - Model saved: model_acc95.39_epoch4.npz
2025-02-06 22:22:21,901 - INFO - Epoch 6/1000: train_acc=95.51%, dev_acc=95.73%
2025-02-06 22:22:21,945 - INFO - Model saved: model_acc95.73_epoch5.npz
2025-02-06 22:22:37,083 - INFO - Epoch 7/1000: train_acc=95.47%, dev_acc=95.36%
2025-02-06 22:22:51,047 - INFO - Epoch 8/1000: train_acc=96.24%, dev_acc=96.08%
2025-02-06 22:22:51,084 - INFO - Model saved: model_acc96.08_epoch7.npz
2025-02-06 22:23:05,010 - INFO - Epoch 9/1000: train_acc=96.27%, dev_acc=96.00%
2025-02-06 22:23:18,752 - INFO - Epoch 10/1000: train_acc=96.26%, dev_acc=96.02%
2025-02-06 22:24:54,927 - INFO - Epoch 11/1000: train_acc=96.53%, dev_acc=96.38%
2025-02-06 22:24:54,939 - INFO - Growing network from 128 to 192 units
2025-02-06 22:24:55,002 - INFO - Model saved: model_acc96.38_epoch10.npz
2025-02-06 22:25:20,822 - INFO - Epoch 12/1000: train_acc=96.81%, dev_acc=96.52%
2025-02-06 22:25:20,885 - INFO - Model saved: model_acc96.52_epoch11.npz
2025-02-06 22:25:46,117 - INFO - Epoch 13/1000: train_acc=96.88%, dev_acc=96.57%
2025-02-06 22:25:46,172 - INFO - Model saved: model_acc96.57_epoch12.npz
2025-02-06 22:26:12,337 - INFO - Epoch 14/1000: train_acc=96.74%, dev_acc=96.40%
2025-02-06 22:26:37,436 - INFO - Epoch 15/1000: train_acc=97.21%, dev_acc=96.77%
2025-02-06 22:26:37,474 - INFO - Model saved: model_acc96.77_epoch14.npz
2025-02-06 22:28:23,809 - INFO - Epoch 16/1000: train_acc=97.32%, dev_acc=96.90%
2025-02-06 22:28:23,853 - INFO - Model saved: model_acc96.90_epoch15.npz
2025-02-06 22:28:48,261 - INFO - Epoch 17/1000: train_acc=97.23%, dev_acc=96.62%
2025-02-06 22:29:13,928 - INFO - Epoch 18/1000: train_acc=97.60%, dev_acc=97.05%
2025-02-06 22:29:13,973 - INFO - Model saved: model_acc97.05_epoch17.npz
2025-02-06 22:29:39,895 - INFO - Epoch 19/1000: train_acc=97.33%, dev_acc=96.75%
2025-02-06 22:30:06,118 - INFO - Epoch 20/1000: train_acc=97.63%, dev_acc=97.02%
2025-02-06 22:31:55,378 - INFO - Epoch 21/1000: train_acc=97.85%, dev_acc=96.95%
2025-02-06 22:31:55,378 - INFO - Growing network from 192 to 256 units
2025-02-06 22:32:27,095 - INFO - Epoch 22/1000: train_acc=97.89%, dev_acc=97.32%
2025-02-06 22:32:27,190 - INFO - Model saved: model_acc97.32_epoch21.npz
2025-02-06 22:33:00,307 - INFO - Epoch 23/1000: train_acc=97.95%, dev_acc=97.20%
2025-02-06 22:33:31,732 - INFO - Epoch 24/1000: train_acc=97.58%, dev_acc=97.01%
2025-02-06 22:34:03,237 - INFO - Epoch 25/1000: train_acc=97.98%, dev_acc=97.12%
2025-02-06 22:35:56,793 - INFO - Epoch 26/1000: train_acc=98.14%, dev_acc=97.23%
2025-02-06 22:36:28,352 - INFO - Epoch 27/1000: train_acc=98.12%, dev_acc=97.31%
2025-02-06 22:37:00,877 - INFO - Epoch 28/1000: train_acc=98.23%, dev_acc=97.51%
2025-02-06 22:37:00,970 - INFO - Model saved: model_acc97.51_epoch27.npz
2025-02-06 22:37:33,336 - INFO - Epoch 29/1000: train_acc=98.08%, dev_acc=97.29%
2025-02-06 22:38:05,681 - INFO - Epoch 30/1000: train_acc=98.09%, dev_acc=97.32%
2025-02-06 22:40:01,438 - INFO - Epoch 31/1000: train_acc=98.40%, dev_acc=97.48%
2025-02-06 22:40:01,438 - INFO - Growing network from 256 to 320 units
2025-02-06 22:40:40,752 - INFO - Epoch 32/1000: train_acc=98.30%, dev_acc=97.26%
2025-02-06 22:41:19,660 - INFO - Epoch 33/1000: train_acc=98.28%, dev_acc=97.39%
2025-02-06 22:41:58,556 - INFO - Epoch 34/1000: train_acc=98.32%, dev_acc=97.40%
2025-02-06 22:42:36,694 - INFO - Epoch 35/1000: train_acc=98.41%, dev_acc=97.45%
2025-02-06 22:44:40,972 - INFO - Epoch 36/1000: train_acc=98.48%, dev_acc=97.50%
2025-02-06 22:45:26,012 - INFO - Epoch 37/1000: train_acc=98.50%, dev_acc=97.46%
2025-02-06 22:46:13,324 - INFO - Epoch 38/1000: train_acc=98.39%, dev_acc=97.44%
2025-02-06 22:47:01,039 - INFO - Epoch 39/1000: train_acc=98.57%, dev_acc=97.60%
2025-02-06 22:47:01,137 - INFO - Model saved: model_acc97.60_epoch38.npz
2025-02-06 22:47:46,465 - INFO - Epoch 40/1000: train_acc=98.68%, dev_acc=97.55%
2025-02-06 22:52:05,886 - INFO - Starting scenario comparison training...
2025-02-06 22:52:05,898 - INFO - Loading training data...
2025-02-06 22:52:08,694 - INFO - Applying data augmentation...
2025-02-06 22:52:21,196 - INFO - Train set: X=(784, 134400), Y=(134400,)
2025-02-06 22:52:21,196 - INFO - Dev set: X=(784, 8400), Y=(8400,)
2025-02-06 22:52:21,207 - INFO - 
Starting scenario: fast
2025-02-06 22:52:21,207 - INFO - ==================================================
2025-02-06 22:52:21,207 - INFO - Initializing training...
2025-02-06 22:52:51,428 - INFO - Epoch 1/500: train_acc=91.95%, dev_acc=93.15%
2025-02-06 22:52:51,460 - INFO - Model saved: model_acc93.15_epoch0.npz
2025-02-06 22:53:01,321 - INFO - Epoch 2/500: train_acc=94.99%, dev_acc=95.24%
2025-02-06 22:53:01,353 - INFO - Model saved: model_acc95.24_epoch1.npz
2025-02-06 22:53:12,858 - INFO - Epoch 3/500: train_acc=95.94%, dev_acc=96.12%
2025-02-06 22:53:12,899 - INFO - Model saved: model_acc96.12_epoch2.npz
2025-02-06 22:53:22,839 - INFO - Epoch 4/500: train_acc=97.05%, dev_acc=96.79%
2025-02-06 22:53:22,871 - INFO - Model saved: model_acc96.79_epoch3.npz
2025-02-06 22:53:32,808 - INFO - Epoch 5/500: train_acc=97.36%, dev_acc=96.96%
2025-02-06 22:53:32,836 - INFO - Model saved: model_acc96.96_epoch4.npz
2025-02-06 22:55:48,567 - INFO - Starting scenario comparison training...
2025-02-06 22:55:48,567 - INFO - Loading training data...
2025-02-06 22:55:51,484 - INFO - Applying data augmentation...
2025-02-06 22:56:05,106 - INFO - Train set: X=(784, 134400), Y=(134400,)
2025-02-06 22:56:05,106 - INFO - Dev set: X=(784, 8400), Y=(8400,)
2025-02-06 22:56:05,117 - INFO - 
Starting scenario: fast
2025-02-06 22:56:05,117 - INFO - ==================================================
2025-02-06 22:56:05,117 - INFO - Initializing training...
2025-02-06 22:56:35,203 - INFO - Epoch 1/500: train_acc=92.11%, dev_acc=92.79%
2025-02-06 22:56:35,225 - INFO - Model saved: model_acc92.79_epoch0.npz
2025-02-06 22:56:45,293 - INFO - Epoch 2/500: train_acc=95.12%, dev_acc=95.20%
2025-02-06 22:56:45,335 - INFO - Model saved: model_acc95.20_epoch1.npz
2025-02-06 22:56:56,319 - INFO - Epoch 3/500: train_acc=96.51%, dev_acc=96.33%
2025-02-06 22:56:56,353 - INFO - Model saved: model_acc96.33_epoch2.npz
2025-02-06 22:57:06,392 - INFO - Epoch 4/500: train_acc=97.16%, dev_acc=96.71%
2025-02-06 22:57:06,415 - INFO - Model saved: model_acc96.71_epoch3.npz
2025-02-06 22:57:16,356 - INFO - Epoch 5/500: train_acc=97.58%, dev_acc=96.98%
2025-02-06 22:57:16,401 - INFO - Model saved: model_acc96.98_epoch4.npz
2025-02-06 22:57:46,235 - INFO - Epoch 6/500: train_acc=97.58%, dev_acc=96.94%
2025-02-06 22:57:55,895 - INFO - Epoch 7/500: train_acc=98.03%, dev_acc=97.32%
2025-02-06 22:57:55,931 - INFO - Model saved: model_acc97.32_epoch6.npz
2025-02-06 22:57:55,931 - INFO - Target accuracy 98.0% reached!
2025-02-06 22:57:55,964 - INFO - Model saved: model_acc98.03_epoch6.npz
2025-02-06 22:57:56,425 - INFO - 
Scenario fast completed:
2025-02-06 22:57:56,425 - INFO - Final accuracy: 97.32%
2025-02-06 22:57:56,425 - INFO - Training time: 110.85 seconds
2025-02-06 22:57:56,425 - INFO - Memory usage: -0.0%
2025-02-06 22:57:56,425 - INFO - Convergence epoch: 7
2025-02-06 22:57:56,520 - INFO - 
Starting scenario: memory_optimized
2025-02-06 22:57:56,520 - INFO - ==================================================
2025-02-06 22:57:56,520 - INFO - Initializing training...
2025-02-06 23:00:49,941 - INFO - Epoch 1/1000: train_acc=90.44%, dev_acc=91.55%
2025-02-06 23:00:49,960 - INFO - Model saved: model_acc91.55_epoch0.npz
2025-02-06 23:01:04,702 - INFO - Epoch 2/1000: train_acc=92.69%, dev_acc=93.32%
2025-02-06 23:01:04,725 - INFO - Model saved: model_acc93.32_epoch1.npz
2025-02-06 23:01:19,343 - INFO - Epoch 3/1000: train_acc=93.42%, dev_acc=93.70%
2025-02-06 23:01:19,366 - INFO - Model saved: model_acc93.70_epoch2.npz
2025-02-06 23:04:12,651 - INFO - Epoch 4/1000: train_acc=93.79%, dev_acc=93.98%
2025-02-06 23:04:12,688 - INFO - Model saved: model_acc93.98_epoch3.npz
2025-02-06 23:04:28,225 - INFO - Epoch 5/1000: train_acc=94.36%, dev_acc=94.73%
2025-02-06 23:04:28,264 - INFO - Model saved: model_acc94.73_epoch4.npz
2025-02-06 23:04:43,317 - INFO - Epoch 6/1000: train_acc=94.97%, dev_acc=95.02%
2025-02-06 23:04:43,345 - INFO - Model saved: model_acc95.02_epoch5.npz
2025-02-06 23:07:36,433 - INFO - Epoch 7/1000: train_acc=94.87%, dev_acc=94.92%
2025-02-06 23:07:51,944 - INFO - Epoch 8/1000: train_acc=95.43%, dev_acc=95.36%
2025-02-06 23:07:51,974 - INFO - Model saved: model_acc95.36_epoch7.npz
2025-02-06 23:08:07,762 - INFO - Epoch 9/1000: train_acc=94.72%, dev_acc=95.08%
2025-02-06 23:11:01,969 - INFO - Epoch 10/1000: train_acc=95.75%, dev_acc=95.86%
2025-02-06 23:11:02,001 - INFO - Model saved: model_acc95.86_epoch9.npz
2025-02-06 23:11:16,988 - INFO - Epoch 11/1000: train_acc=95.96%, dev_acc=96.02%
2025-02-06 23:11:16,988 - INFO - Growing network from 96 to 128 units
2025-02-06 23:11:17,013 - INFO - Model saved: model_acc96.02_epoch10.npz
2025-02-06 23:11:35,266 - INFO - Epoch 12/1000: train_acc=95.51%, dev_acc=95.63%
2025-02-06 23:14:32,543 - INFO - Epoch 13/1000: train_acc=95.91%, dev_acc=95.80%
2025-02-06 23:14:51,602 - INFO - Epoch 14/1000: train_acc=96.46%, dev_acc=96.40%
2025-02-06 23:14:51,641 - INFO - Model saved: model_acc96.40_epoch13.npz
2025-02-06 23:15:12,064 - INFO - Epoch 15/1000: train_acc=96.05%, dev_acc=95.57%
2025-02-06 23:18:09,894 - INFO - Epoch 16/1000: train_acc=96.23%, dev_acc=96.23%
2025-02-06 23:18:29,357 - INFO - Epoch 17/1000: train_acc=96.47%, dev_acc=96.31%
2025-02-06 23:18:48,805 - INFO - Epoch 18/1000: train_acc=96.66%, dev_acc=96.43%
2025-02-06 23:18:48,835 - INFO - Model saved: model_acc96.43_epoch17.npz
2025-02-06 23:21:47,127 - INFO - Epoch 19/1000: train_acc=96.41%, dev_acc=96.23%
2025-02-06 23:22:06,575 - INFO - Epoch 20/1000: train_acc=96.78%, dev_acc=96.37%
2025-02-06 23:22:25,774 - INFO - Epoch 21/1000: train_acc=96.70%, dev_acc=96.27%
2025-02-06 23:22:25,774 - INFO - Growing network from 128 to 160 units
2025-02-06 23:25:28,826 - INFO - Epoch 22/1000: train_acc=96.54%, dev_acc=96.50%
2025-02-06 23:25:28,886 - INFO - Model saved: model_acc96.50_epoch21.npz
2025-02-06 23:25:54,481 - INFO - Epoch 23/1000: train_acc=96.71%, dev_acc=96.46%
2025-02-06 23:26:20,145 - INFO - Epoch 24/1000: train_acc=96.99%, dev_acc=96.56%
2025-02-06 23:26:20,197 - INFO - Model saved: model_acc96.56_epoch23.npz
2025-02-06 23:38:29,687 - INFO - Epoch 25/1000: train_acc=96.93%, dev_acc=96.56%
2025-02-06 23:38:56,831 - INFO - Epoch 26/1000: train_acc=96.97%, dev_acc=96.80%
2025-02-06 23:38:56,882 - INFO - Model saved: model_acc96.80_epoch25.npz
2025-02-06 23:39:28,529 - INFO - Epoch 27/1000: train_acc=96.70%, dev_acc=96.58%
2025-02-06 23:42:39,567 - INFO - Epoch 28/1000: train_acc=97.21%, dev_acc=96.70%
2025-02-06 23:43:07,174 - INFO - Epoch 29/1000: train_acc=97.05%, dev_acc=96.42%
2025-02-06 23:43:35,749 - INFO - Epoch 30/1000: train_acc=97.16%, dev_acc=96.70%
2025-02-06 23:46:44,242 - INFO - Epoch 31/1000: train_acc=97.34%, dev_acc=96.64%
2025-02-06 23:46:44,242 - INFO - Growing network from 160 to 192 units
2025-02-06 23:47:23,716 - INFO - Epoch 32/1000: train_acc=97.28%, dev_acc=96.77%
2025-02-06 23:48:01,815 - INFO - Epoch 33/1000: train_acc=97.06%, dev_acc=96.68%
2025-02-06 23:51:19,485 - INFO - Epoch 34/1000: train_acc=97.33%, dev_acc=96.99%
2025-02-06 23:51:19,542 - INFO - Model saved: model_acc96.99_epoch33.npz
2025-02-06 23:51:58,771 - INFO - Epoch 35/1000: train_acc=97.31%, dev_acc=97.01%
2025-02-06 23:51:58,851 - INFO - Model saved: model_acc97.01_epoch34.npz
2025-02-06 23:52:39,336 - INFO - Epoch 36/1000: train_acc=97.27%, dev_acc=96.83%
2025-02-06 23:55:59,132 - INFO - Epoch 37/1000: train_acc=97.15%, dev_acc=96.71%
2025-02-06 23:56:38,528 - INFO - Epoch 38/1000: train_acc=97.51%, dev_acc=96.75%
2025-02-06 23:57:18,983 - INFO - Epoch 39/1000: train_acc=97.15%, dev_acc=96.54%
2025-02-07 00:00:38,644 - INFO - Epoch 40/1000: train_acc=97.66%, dev_acc=96.99%
2025-02-07 00:01:18,508 - INFO - Epoch 41/1000: train_acc=97.37%, dev_acc=96.70%
2025-02-07 00:01:18,508 - INFO - Growing network from 192 to 224 units
2025-02-07 00:02:02,522 - INFO - Epoch 42/1000: train_acc=97.48%, dev_acc=97.04%
2025-02-07 00:02:02,563 - INFO - Model saved: model_acc97.04_epoch41.npz
2025-02-07 00:05:27,576 - INFO - Epoch 43/1000: train_acc=97.48%, dev_acc=96.82%
2025-02-07 00:06:11,838 - INFO - Epoch 44/1000: train_acc=97.59%, dev_acc=97.12%
2025-02-07 00:06:11,890 - INFO - Model saved: model_acc97.12_epoch43.npz
2025-02-07 00:06:56,719 - INFO - Epoch 45/1000: train_acc=97.74%, dev_acc=97.12%
2025-02-07 00:10:26,771 - INFO - Epoch 46/1000: train_acc=97.78%, dev_acc=97.23%
2025-02-07 00:10:26,832 - INFO - Model saved: model_acc97.23_epoch45.npz
2025-02-07 00:11:05,573 - INFO - Epoch 47/1000: train_acc=97.54%, dev_acc=96.94%
2025-02-07 00:11:50,001 - INFO - Epoch 48/1000: train_acc=97.58%, dev_acc=96.89%
2025-02-07 00:15:23,571 - INFO - Epoch 49/1000: train_acc=97.73%, dev_acc=97.04%
2025-02-07 00:16:15,503 - INFO - Epoch 50/1000: train_acc=97.75%, dev_acc=97.08%
2025-02-07 00:17:00,747 - INFO - Epoch 51/1000: train_acc=97.90%, dev_acc=97.27%
2025-02-07 00:17:00,747 - INFO - Growing network from 224 to 256 units
2025-02-07 00:17:00,836 - INFO - Model saved: model_acc97.27_epoch50.npz
2025-02-07 00:20:32,131 - INFO - Epoch 52/1000: train_acc=97.94%, dev_acc=97.25%
2025-02-07 00:21:20,734 - INFO - Epoch 53/1000: train_acc=97.93%, dev_acc=97.38%
2025-02-07 00:21:20,819 - INFO - Model saved: model_acc97.38_epoch52.npz
2025-02-07 00:22:12,111 - INFO - Epoch 54/1000: train_acc=98.00%, dev_acc=97.06%
2025-02-07 00:22:12,119 - INFO - Target accuracy 98.0% reached!
2025-02-07 00:22:12,183 - INFO - Model saved: model_acc98.00_epoch53.npz
2025-02-07 00:22:12,555 - INFO - 
Scenario memory_optimized completed:
2025-02-07 00:22:12,555 - INFO - Final accuracy: 97.06%
2025-02-07 00:22:12,555 - INFO - Training time: 5055.68 seconds
2025-02-07 00:22:12,555 - INFO - Memory usage: -0.0%
2025-02-07 00:22:12,555 - INFO - Convergence epoch: 15
2025-02-07 00:22:12,662 - INFO - 
Starting scenario: high_accuracy
2025-02-07 00:22:12,667 - INFO - ==================================================
2025-02-07 00:22:12,670 - INFO - Initializing training...
2025-02-07 00:24:05,370 - INFO - Epoch 1/1500: train_acc=91.06%, dev_acc=91.89%
2025-02-07 00:24:05,433 - INFO - Model saved: model_acc91.89_epoch0.npz
2025-02-07 00:24:36,436 - INFO - Epoch 2/1500: train_acc=94.66%, dev_acc=94.81%
2025-02-07 00:24:36,509 - INFO - Model saved: model_acc94.81_epoch1.npz
2025-02-07 00:25:07,339 - INFO - Epoch 3/1500: train_acc=96.23%, dev_acc=96.04%
2025-02-07 00:25:07,406 - INFO - Model saved: model_acc96.04_epoch2.npz
2025-02-07 00:25:38,129 - INFO - Epoch 4/1500: train_acc=97.04%, dev_acc=96.86%
2025-02-07 00:25:38,187 - INFO - Model saved: model_acc96.86_epoch3.npz
2025-02-07 00:26:08,324 - INFO - Epoch 5/1500: train_acc=97.78%, dev_acc=97.23%
2025-02-07 00:26:08,399 - INFO - Model saved: model_acc97.23_epoch4.npz
2025-02-07 00:27:59,839 - INFO - Epoch 6/1500: train_acc=98.21%, dev_acc=97.63%
2025-02-07 00:27:59,908 - INFO - Model saved: model_acc97.63_epoch5.npz
2025-02-07 00:27:59,908 - INFO - Target accuracy 98.0% reached!
2025-02-07 00:28:00,014 - INFO - Model saved: model_acc98.21_epoch5.npz
2025-02-07 00:28:00,404 - INFO - 
Scenario high_accuracy completed:
2025-02-07 00:28:00,404 - INFO - Final accuracy: 97.63%
2025-02-07 00:28:00,404 - INFO - Training time: 347.35 seconds
2025-02-07 00:28:00,404 - INFO - Memory usage: -0.2%
2025-02-07 00:28:00,404 - INFO - Convergence epoch: 6
2025-02-07 00:28:00,505 - INFO - 
Starting scenario: balanced
2025-02-07 00:28:00,505 - INFO - ==================================================
2025-02-07 00:28:00,505 - INFO - Initializing training...
2025-02-07 00:29:33,926 - INFO - Epoch 1/1000: train_acc=90.53%, dev_acc=91.54%
2025-02-07 00:29:33,967 - INFO - Model saved: model_acc91.54_epoch0.npz
2025-02-07 00:29:47,235 - INFO - Epoch 2/1000: train_acc=93.36%, dev_acc=93.81%
2025-02-07 00:29:47,275 - INFO - Model saved: model_acc93.81_epoch1.npz
2025-02-07 00:30:00,637 - INFO - Epoch 3/1000: train_acc=94.57%, dev_acc=94.48%
2025-02-07 00:30:00,666 - INFO - Model saved: model_acc94.48_epoch2.npz
2025-02-07 00:30:14,167 - INFO - Epoch 4/1000: train_acc=95.30%, dev_acc=95.60%
2025-02-07 00:30:14,193 - INFO - Model saved: model_acc95.60_epoch3.npz
2025-02-07 00:30:27,883 - INFO - Epoch 5/1000: train_acc=95.37%, dev_acc=95.44%
2025-02-07 00:32:01,003 - INFO - Epoch 6/1000: train_acc=95.29%, dev_acc=95.14%
2025-02-07 00:32:14,522 - INFO - Epoch 7/1000: train_acc=96.07%, dev_acc=96.10%
2025-02-07 00:32:14,548 - INFO - Model saved: model_acc96.10_epoch6.npz
2025-02-07 00:32:28,308 - INFO - Epoch 8/1000: train_acc=96.07%, dev_acc=95.85%
2025-02-07 00:32:41,777 - INFO - Epoch 9/1000: train_acc=96.39%, dev_acc=96.62%
2025-02-07 00:32:41,811 - INFO - Model saved: model_acc96.62_epoch8.npz
2025-02-07 00:32:55,317 - INFO - Epoch 10/1000: train_acc=96.46%, dev_acc=96.27%
2025-02-07 00:34:29,268 - INFO - Epoch 11/1000: train_acc=96.63%, dev_acc=96.50%
2025-02-07 00:34:29,268 - INFO - Growing network from 128 to 192 units
2025-02-07 00:34:53,573 - INFO - Epoch 12/1000: train_acc=96.64%, dev_acc=96.62%
2025-02-07 00:35:17,860 - INFO - Epoch 13/1000: train_acc=97.04%, dev_acc=96.71%
2025-02-07 00:35:17,924 - INFO - Model saved: model_acc96.71_epoch12.npz
2025-02-07 00:35:42,272 - INFO - Epoch 14/1000: train_acc=97.15%, dev_acc=96.93%
2025-02-07 00:35:42,353 - INFO - Model saved: model_acc96.93_epoch13.npz
2025-02-07 00:36:06,355 - INFO - Epoch 15/1000: train_acc=97.41%, dev_acc=96.96%
2025-02-07 00:36:06,421 - INFO - Model saved: model_acc96.96_epoch14.npz
2025-02-07 00:37:50,293 - INFO - Epoch 16/1000: train_acc=97.37%, dev_acc=96.83%
2025-02-07 00:38:14,459 - INFO - Epoch 17/1000: train_acc=97.66%, dev_acc=97.05%
2025-02-07 00:38:14,539 - INFO - Model saved: model_acc97.05_epoch16.npz
2025-02-07 00:38:40,054 - INFO - Epoch 18/1000: train_acc=97.78%, dev_acc=97.35%
2025-02-07 00:38:40,102 - INFO - Model saved: model_acc97.35_epoch17.npz
2025-02-07 00:39:06,014 - INFO - Epoch 19/1000: train_acc=97.62%, dev_acc=97.10%
2025-02-07 00:39:31,757 - INFO - Epoch 20/1000: train_acc=97.90%, dev_acc=97.20%
2025-02-07 00:41:17,734 - INFO - Epoch 21/1000: train_acc=97.86%, dev_acc=97.21%
2025-02-07 00:41:17,734 - INFO - Growing network from 192 to 256 units
2025-02-07 00:41:49,508 - INFO - Epoch 22/1000: train_acc=97.91%, dev_acc=97.18%
2025-02-07 00:42:20,596 - INFO - Epoch 23/1000: train_acc=97.72%, dev_acc=97.37%
2025-02-07 00:42:20,691 - INFO - Model saved: model_acc97.37_epoch22.npz
2025-02-07 00:42:51,918 - INFO - Epoch 24/1000: train_acc=97.67%, dev_acc=97.05%
2025-02-07 00:43:22,592 - INFO - Epoch 25/1000: train_acc=98.07%, dev_acc=97.33%
2025-02-07 00:43:22,592 - INFO - Target accuracy 98.0% reached!
2025-02-07 00:43:22,681 - INFO - Model saved: model_acc98.07_epoch24.npz
2025-02-07 00:43:23,030 - INFO - 
Scenario balanced completed:
2025-02-07 00:43:23,030 - INFO - Final accuracy: 97.33%
2025-02-07 00:43:23,030 - INFO - Training time: 922.18 seconds
2025-02-07 00:43:23,030 - INFO - Memory usage: -0.1%
2025-02-07 00:43:23,030 - INFO - Convergence epoch: 17
2025-02-07 00:43:23,319 - ERROR - Error in main execution: 'Axes' object has no attribute 'set_theta_offset'
2025-02-07 00:54:01,270 - INFO - Starting model pipeline...
2025-02-07 00:54:01,270 - INFO - Loading training data...
2025-02-07 00:54:04,300 - INFO - Applying data augmentation...
2025-02-07 00:54:17,932 - INFO - Train set: X=(784, 134400), Y=(134400,)
2025-02-07 00:54:17,932 - INFO - Dev set: X=(784, 8400), Y=(8400,)
2025-02-07 00:54:17,953 - INFO - Initializing training...
2025-02-07 00:55:54,218 - INFO - Epoch 1/1000: train_acc=90.72%, dev_acc=92.04%
2025-02-07 00:55:54,258 - INFO - Model saved: model_acc92.04_epoch0.npz
2025-02-07 00:56:08,856 - INFO - Epoch 2/1000: train_acc=93.56%, dev_acc=94.35%
2025-02-07 00:56:08,912 - INFO - Model saved: model_acc94.35_epoch1.npz
2025-02-07 00:56:23,210 - INFO - Epoch 3/1000: train_acc=94.67%, dev_acc=95.25%
2025-02-07 00:56:23,251 - INFO - Model saved: model_acc95.25_epoch2.npz
2025-02-07 01:31:56,666 - INFO - 
Processing scenario: fast
2025-02-07 01:31:56,666 - ERROR - Error processing fast: Object arrays cannot be loaded when allow_pickle=False
2025-02-07 01:31:56,666 - INFO - 
Processing scenario: memory_optimized
2025-02-07 01:31:56,666 - ERROR - Error processing memory_optimized: Object arrays cannot be loaded when allow_pickle=False
2025-02-07 01:31:56,666 - INFO - 
Processing scenario: high_accuracy
2025-02-07 01:31:56,666 - ERROR - Error processing high_accuracy: Object arrays cannot be loaded when allow_pickle=False
2025-02-07 01:31:56,666 - INFO - 
Processing scenario: balanced
2025-02-07 01:31:56,673 - ERROR - Error processing balanced: Object arrays cannot be loaded when allow_pickle=False
2025-02-07 01:31:56,674 - ERROR - No valid scenario results found to compare
2025-02-07 01:32:22,081 - INFO - 
Processing scenario: fast
2025-02-07 01:32:22,081 - ERROR - Error processing fast: Object arrays cannot be loaded when allow_pickle=False
2025-02-07 01:32:22,081 - INFO - 
Processing scenario: memory_optimized
2025-02-07 01:32:22,081 - ERROR - Error processing memory_optimized: Object arrays cannot be loaded when allow_pickle=False
2025-02-07 01:32:22,081 - INFO - 
Processing scenario: high_accuracy
2025-02-07 01:32:22,081 - ERROR - Error processing high_accuracy: Object arrays cannot be loaded when allow_pickle=False
2025-02-07 01:32:22,081 - INFO - 
Processing scenario: balanced
2025-02-07 01:32:22,081 - ERROR - Error processing balanced: Object arrays cannot be loaded when allow_pickle=False
2025-02-07 01:32:22,081 - ERROR - No valid scenario results found to compare
2025-02-07 01:34:23,046 - INFO - 
Processing scenario: fast
2025-02-07 01:34:23,066 - INFO - Found existing results for fast
2025-02-07 01:34:23,066 - INFO - Best accuracy: 98.03%
2025-02-07 01:34:23,066 - INFO - Last epoch: 6
2025-02-07 01:34:23,066 - INFO - 
Processing scenario: memory_optimized
2025-02-07 01:34:23,072 - INFO - Found existing results for memory_optimized
2025-02-07 01:34:23,072 - INFO - Best accuracy: 98.00%
2025-02-07 01:34:23,072 - INFO - Last epoch: 53
2025-02-07 01:34:23,077 - INFO - 
Processing scenario: high_accuracy
2025-02-07 01:34:23,077 - INFO - Found existing results for high_accuracy
2025-02-07 01:34:23,077 - INFO - Best accuracy: 98.21%
2025-02-07 01:34:23,077 - INFO - Last epoch: 5
2025-02-07 01:34:23,077 - INFO - 
Processing scenario: balanced
2025-02-07 01:34:23,095 - INFO - Found existing results for balanced
2025-02-07 01:34:23,095 - INFO - Best accuracy: 98.07%
2025-02-07 01:34:23,095 - INFO - Last epoch: 24
2025-02-07 01:34:25,681 - INFO - 
Scenario Rankings:
2025-02-07 01:34:25,681 - INFO - 1. high_accuracy: 96.45
2025-02-07 01:34:25,682 - INFO - 2. fast: 95.81
2025-02-07 01:34:25,682 - INFO - 3. balanced: 85.63
2025-02-07 01:34:25,684 - INFO - 4. memory_optimized: 69.17
2025-02-07 01:34:25,687 - ERROR - Error during visualization and reporting: Object of type ndarray is not JSON serializable
2025-02-07 01:36:15,780 - INFO - 
Processing scenario: fast
2025-02-07 01:36:15,789 - INFO - Found existing results for fast
2025-02-07 01:36:15,789 - INFO - Best accuracy: 98.03%
2025-02-07 01:36:15,789 - INFO - Last epoch: 6
2025-02-07 01:36:15,789 - INFO - 
Processing scenario: memory_optimized
2025-02-07 01:36:15,799 - INFO - Found existing results for memory_optimized
2025-02-07 01:36:15,801 - INFO - Best accuracy: 98.00%
2025-02-07 01:36:15,802 - INFO - Last epoch: 53
2025-02-07 01:36:15,802 - INFO - 
Processing scenario: high_accuracy
2025-02-07 01:36:15,810 - INFO - Found existing results for high_accuracy
2025-02-07 01:36:15,810 - INFO - Best accuracy: 98.21%
2025-02-07 01:36:15,810 - INFO - Last epoch: 5
2025-02-07 01:36:15,810 - INFO - 
Processing scenario: balanced
2025-02-07 01:36:15,824 - INFO - Found existing results for balanced
2025-02-07 01:36:15,824 - INFO - Best accuracy: 98.07%
2025-02-07 01:36:15,824 - INFO - Last epoch: 24
2025-02-07 01:36:15,824 - ERROR - Error during visualization and reporting: 'dict' object has no attribute 'nbytes'
2025-02-07 01:39:38,769 - INFO - 
Processing scenario: fast
2025-02-07 01:39:38,776 - INFO - Found existing results for fast
2025-02-07 01:39:38,776 - INFO - Best accuracy: 98.03%
2025-02-07 01:39:38,776 - INFO - Last epoch: 6
2025-02-07 01:39:38,776 - INFO - 
Processing scenario: memory_optimized
2025-02-07 01:39:38,776 - INFO - Found existing results for memory_optimized
2025-02-07 01:39:38,776 - INFO - Best accuracy: 98.00%
2025-02-07 01:39:38,776 - INFO - Last epoch: 53
2025-02-07 01:39:38,776 - INFO - 
Processing scenario: high_accuracy
2025-02-07 01:39:38,792 - INFO - Found existing results for high_accuracy
2025-02-07 01:39:38,792 - INFO - Best accuracy: 98.21%
2025-02-07 01:39:38,792 - INFO - Last epoch: 5
2025-02-07 01:39:38,792 - INFO - 
Processing scenario: balanced
2025-02-07 01:39:38,808 - INFO - Found existing results for balanced
2025-02-07 01:39:38,808 - INFO - Best accuracy: 98.07%
2025-02-07 01:39:38,808 - INFO - Last epoch: 24
2025-02-07 01:39:41,238 - INFO - 
Scenario Rankings:
2025-02-07 01:39:41,238 - INFO - 1. high_accuracy: 96.45
2025-02-07 01:39:41,238 - INFO - 2. fast: 95.81
2025-02-07 01:39:41,238 - INFO - 3. balanced: 85.63
2025-02-07 01:39:41,238 - INFO - 4. memory_optimized: 69.17
2025-02-07 01:39:41,242 - ERROR - Error during visualization and reporting: Object of type ndarray is not JSON serializable
2025-02-07 01:43:23,762 - INFO - 
Processing scenario: fast
2025-02-07 01:43:23,770 - INFO - Found existing results for fast
2025-02-07 01:43:23,770 - INFO - Best accuracy: 98.03%
2025-02-07 01:43:23,770 - INFO - Last epoch: 6
2025-02-07 01:43:23,770 - INFO - 
Processing scenario: memory_optimized
2025-02-07 01:43:23,773 - INFO - Found existing results for memory_optimized
2025-02-07 01:43:23,773 - INFO - Best accuracy: 98.00%
2025-02-07 01:43:23,773 - INFO - Last epoch: 53
2025-02-07 01:43:23,773 - INFO - 
Processing scenario: high_accuracy
2025-02-07 01:43:23,789 - INFO - Found existing results for high_accuracy
2025-02-07 01:43:23,789 - INFO - Best accuracy: 98.21%
2025-02-07 01:43:23,789 - INFO - Last epoch: 5
2025-02-07 01:43:23,789 - INFO - 
Processing scenario: balanced
2025-02-07 01:43:23,789 - INFO - Found existing results for balanced
2025-02-07 01:43:23,789 - INFO - Best accuracy: 98.07%
2025-02-07 01:43:23,789 - INFO - Last epoch: 24
2025-02-07 01:43:26,387 - INFO - 
Scenario Rankings:
2025-02-07 01:43:26,387 - INFO - 1. high_accuracy: 96.45
2025-02-07 01:43:26,387 - INFO - 2. fast: 95.81
2025-02-07 01:43:26,387 - INFO - 3. balanced: 85.63
2025-02-07 01:43:26,387 - INFO - 4. memory_optimized: 69.17
2025-02-07 01:43:29,533 - INFO - 
Comparison report saved to Results\comparison\final_comparison_report.json
2025-02-07 01:43:29,541 - INFO - Rankings saved to Results\comparison\scenario_rankings.json
2025-02-07 01:55:59,688 - INFO - 
Processing scenario: fast
2025-02-07 01:55:59,700 - INFO - Found existing results for fast
2025-02-07 01:55:59,700 - INFO - Best accuracy: 98.03%
2025-02-07 01:55:59,700 - INFO - Last epoch: 6
2025-02-07 01:55:59,700 - INFO - 
Processing scenario: memory_optimized
2025-02-07 01:55:59,710 - INFO - Found existing results for memory_optimized
2025-02-07 01:55:59,712 - INFO - Best accuracy: 98.00%
2025-02-07 01:55:59,712 - INFO - Last epoch: 53
2025-02-07 01:55:59,712 - INFO - 
Processing scenario: high_accuracy
2025-02-07 01:55:59,720 - INFO - Found existing results for high_accuracy
2025-02-07 01:55:59,720 - INFO - Best accuracy: 98.21%
2025-02-07 01:55:59,720 - INFO - Last epoch: 5
2025-02-07 01:55:59,720 - INFO - 
Processing scenario: balanced
2025-02-07 01:55:59,731 - INFO - Found existing results for balanced
2025-02-07 01:55:59,731 - INFO - Best accuracy: 98.07%
2025-02-07 01:55:59,731 - INFO - Last epoch: 24
2025-02-07 01:56:03,419 - ERROR - Error during visualization and reporting: ModelEvaluator.plot_confusion_matrix() got an unexpected keyword argument 'title'
2025-02-07 01:57:46,386 - INFO - 
Processing scenario: fast
2025-02-07 01:57:46,403 - INFO - Found existing results for fast
2025-02-07 01:57:46,403 - INFO - Best accuracy: 98.03%
2025-02-07 01:57:46,403 - INFO - Last epoch: 6
2025-02-07 01:57:46,403 - INFO - 
Processing scenario: memory_optimized
2025-02-07 01:57:46,418 - INFO - Found existing results for memory_optimized
2025-02-07 01:57:46,418 - INFO - Best accuracy: 98.00%
2025-02-07 01:57:46,418 - INFO - Last epoch: 53
2025-02-07 01:57:46,418 - INFO - 
Processing scenario: high_accuracy
2025-02-07 01:57:46,418 - INFO - Found existing results for high_accuracy
2025-02-07 01:57:46,418 - INFO - Best accuracy: 98.21%
2025-02-07 01:57:46,418 - INFO - Last epoch: 5
2025-02-07 01:57:46,418 - INFO - 
Processing scenario: balanced
2025-02-07 01:57:46,439 - INFO - Found existing results for balanced
2025-02-07 01:57:46,439 - INFO - Best accuracy: 98.07%
2025-02-07 01:57:46,439 - INFO - Last epoch: 24
2025-02-07 01:57:50,128 - ERROR - Error during visualization and reporting: ModelEvaluator.plot_confusion_matrix() missing 1 required positional argument: 'save_path'
2025-02-07 01:59:13,238 - INFO - 
Processing scenario: fast
2025-02-07 01:59:13,261 - INFO - Found existing results for fast
2025-02-07 01:59:13,261 - INFO - Best accuracy: 98.03%
2025-02-07 01:59:13,261 - INFO - Last epoch: 6
2025-02-07 01:59:13,261 - INFO - 
Processing scenario: memory_optimized
2025-02-07 01:59:13,270 - INFO - Found existing results for memory_optimized
2025-02-07 01:59:13,270 - INFO - Best accuracy: 98.00%
2025-02-07 01:59:13,270 - INFO - Last epoch: 53
2025-02-07 01:59:13,270 - INFO - 
Processing scenario: high_accuracy
2025-02-07 01:59:13,270 - INFO - Found existing results for high_accuracy
2025-02-07 01:59:13,286 - INFO - Best accuracy: 98.21%
2025-02-07 01:59:13,286 - INFO - Last epoch: 5
2025-02-07 01:59:13,287 - INFO - 
Processing scenario: balanced
2025-02-07 01:59:13,288 - INFO - Found existing results for balanced
2025-02-07 01:59:13,288 - INFO - Best accuracy: 98.07%
2025-02-07 01:59:13,288 - INFO - Last epoch: 24
2025-02-07 01:59:17,132 - ERROR - Error during visualization and reporting: ModelEvaluator.plot_confusion_matrix() got an unexpected keyword argument 'Y_pred'
2025-02-07 02:01:55,341 - INFO - 
Processing scenario: fast
2025-02-07 02:01:55,348 - INFO - Found existing results for fast
2025-02-07 02:01:55,348 - INFO - Best accuracy: 98.03%
2025-02-07 02:01:55,348 - INFO - Last epoch: 6
2025-02-07 02:01:55,348 - INFO - 
Processing scenario: memory_optimized
2025-02-07 02:01:55,348 - INFO - Found existing results for memory_optimized
2025-02-07 02:01:55,348 - INFO - Best accuracy: 98.00%
2025-02-07 02:01:55,348 - INFO - Last epoch: 53
2025-02-07 02:01:55,348 - INFO - 
Processing scenario: high_accuracy
2025-02-07 02:01:55,369 - INFO - Found existing results for high_accuracy
2025-02-07 02:01:55,369 - INFO - Best accuracy: 98.21%
2025-02-07 02:01:55,369 - INFO - Last epoch: 5
2025-02-07 02:01:55,369 - INFO - 
Processing scenario: balanced
2025-02-07 02:01:55,380 - INFO - Found existing results for balanced
2025-02-07 02:01:55,380 - INFO - Best accuracy: 98.07%
2025-02-07 02:01:55,380 - INFO - Last epoch: 24
2025-02-07 02:01:58,987 - ERROR - Error during visualization and reporting: ModelEvaluator.plot_confusion_matrix() missing 1 required positional argument: 'save_path'
2025-02-07 02:03:57,856 - INFO - 
Processing scenario: fast
2025-02-07 02:03:57,863 - INFO - Found existing results for fast
2025-02-07 02:03:57,863 - INFO - Best accuracy: 98.03%
2025-02-07 02:03:57,863 - INFO - Last epoch: 6
2025-02-07 02:03:57,863 - INFO - 
Processing scenario: memory_optimized
2025-02-07 02:03:57,873 - INFO - Found existing results for memory_optimized
2025-02-07 02:03:57,873 - INFO - Best accuracy: 98.00%
2025-02-07 02:03:57,873 - INFO - Last epoch: 53
2025-02-07 02:03:57,873 - INFO - 
Processing scenario: high_accuracy
2025-02-07 02:03:57,877 - INFO - Found existing results for high_accuracy
2025-02-07 02:03:57,877 - INFO - Best accuracy: 98.21%
2025-02-07 02:03:57,877 - INFO - Last epoch: 5
2025-02-07 02:03:57,877 - INFO - 
Processing scenario: balanced
2025-02-07 02:03:57,893 - INFO - Found existing results for balanced
2025-02-07 02:03:57,893 - INFO - Best accuracy: 98.07%
2025-02-07 02:03:57,893 - INFO - Last epoch: 24
2025-02-07 02:04:01,675 - ERROR - Error during visualization and reporting: ModelEvaluator.plot_confusion_matrix() missing 1 required positional argument: 'save_path'
2025-02-07 02:04:43,054 - INFO - 
Processing scenario: fast
2025-02-07 02:04:43,063 - INFO - Found existing results for fast
2025-02-07 02:04:43,063 - INFO - Best accuracy: 98.03%
2025-02-07 02:04:43,063 - INFO - Last epoch: 6
2025-02-07 02:04:43,063 - INFO - 
Processing scenario: memory_optimized
2025-02-07 02:04:43,073 - INFO - Found existing results for memory_optimized
2025-02-07 02:04:43,073 - INFO - Best accuracy: 98.00%
2025-02-07 02:04:43,073 - INFO - Last epoch: 53
2025-02-07 02:04:43,073 - INFO - 
Processing scenario: high_accuracy
2025-02-07 02:04:43,077 - INFO - Found existing results for high_accuracy
2025-02-07 02:04:43,077 - INFO - Best accuracy: 98.21%
2025-02-07 02:04:43,077 - INFO - Last epoch: 5
2025-02-07 02:04:43,077 - INFO - 
Processing scenario: balanced
2025-02-07 02:04:43,094 - INFO - Found existing results for balanced
2025-02-07 02:04:43,094 - INFO - Best accuracy: 98.07%
2025-02-07 02:04:43,094 - INFO - Last epoch: 24
2025-02-07 02:04:46,986 - ERROR - Error during visualization and reporting: ModelEvaluator.plot_confusion_matrix() missing 1 required positional argument: 'save_path'
2025-02-07 15:41:16,680 - INFO - 
Processing scenario: fast
2025-02-07 15:41:16,691 - INFO - Found existing results for fast
2025-02-07 15:41:16,691 - INFO - Best accuracy: 98.03%
2025-02-07 15:41:16,691 - INFO - Last epoch: 6
2025-02-07 15:41:16,691 - INFO - 
Processing scenario: memory_optimized
2025-02-07 15:41:16,700 - INFO - Found existing results for memory_optimized
2025-02-07 15:41:16,702 - INFO - Best accuracy: 98.00%
2025-02-07 15:41:16,702 - INFO - Last epoch: 53
2025-02-07 15:41:16,702 - INFO - 
Processing scenario: high_accuracy
2025-02-07 15:41:16,711 - INFO - Found existing results for high_accuracy
2025-02-07 15:41:16,711 - INFO - Best accuracy: 98.21%
2025-02-07 15:41:16,711 - INFO - Last epoch: 5
2025-02-07 15:41:16,711 - INFO - 
Processing scenario: balanced
2025-02-07 15:41:16,714 - INFO - Found existing results for balanced
2025-02-07 15:41:16,714 - INFO - Best accuracy: 98.07%
2025-02-07 15:41:16,714 - INFO - Last epoch: 24
2025-02-07 15:41:21,065 - ERROR - Error during visualization and reporting: ModelEvaluator.plot_confusion_matrix() missing 1 required positional argument: 'save_path'
2025-02-07 15:43:04,031 - INFO - 
Processing scenario: fast
2025-02-07 15:43:04,038 - INFO - Found existing results for fast
2025-02-07 15:43:04,038 - INFO - Best accuracy: 98.03%
2025-02-07 15:43:04,038 - INFO - Last epoch: 6
2025-02-07 15:43:04,038 - INFO - 
Processing scenario: memory_optimized
2025-02-07 15:43:04,052 - INFO - Found existing results for memory_optimized
2025-02-07 15:43:04,052 - INFO - Best accuracy: 98.00%
2025-02-07 15:43:04,052 - INFO - Last epoch: 53
2025-02-07 15:43:04,052 - INFO - 
Processing scenario: high_accuracy
2025-02-07 15:43:04,063 - INFO - Found existing results for high_accuracy
2025-02-07 15:43:04,063 - INFO - Best accuracy: 98.21%
2025-02-07 15:43:04,063 - INFO - Last epoch: 5
2025-02-07 15:43:04,063 - INFO - 
Processing scenario: balanced
2025-02-07 15:43:04,074 - INFO - Found existing results for balanced
2025-02-07 15:43:04,074 - INFO - Best accuracy: 98.07%
2025-02-07 15:43:04,074 - INFO - Last epoch: 24
2025-02-07 15:43:07,565 - ERROR - Error during visualization and reporting: ModelEvaluator.plot_confusion_matrix() missing 1 required positional argument: 'save_path'
2025-02-07 15:44:29,981 - INFO - 
Processing scenario: fast
2025-02-07 15:44:29,988 - INFO - Found existing results for fast
2025-02-07 15:44:29,988 - INFO - Best accuracy: 98.03%
2025-02-07 15:44:29,988 - INFO - Last epoch: 6
2025-02-07 15:44:29,990 - INFO - 
Processing scenario: memory_optimized
2025-02-07 15:44:30,001 - INFO - Found existing results for memory_optimized
2025-02-07 15:44:30,003 - INFO - Best accuracy: 98.00%
2025-02-07 15:44:30,003 - INFO - Last epoch: 53
2025-02-07 15:44:30,003 - INFO - 
Processing scenario: high_accuracy
2025-02-07 15:44:30,005 - INFO - Found existing results for high_accuracy
2025-02-07 15:44:30,005 - INFO - Best accuracy: 98.21%
2025-02-07 15:44:30,005 - INFO - Last epoch: 5
2025-02-07 15:44:30,005 - INFO - 
Processing scenario: balanced
2025-02-07 15:44:30,017 - INFO - Found existing results for balanced
2025-02-07 15:44:30,017 - INFO - Best accuracy: 98.07%
2025-02-07 15:44:30,017 - INFO - Last epoch: 24
2025-02-07 15:44:33,683 - INFO - Plotting confusion matrix for fast
2025-02-07 15:44:33,683 - INFO - True labels shape: (0,)
2025-02-07 15:44:33,683 - INFO - Predictions shape: (0,)
2025-02-07 15:44:33,683 - INFO - Save path: Results\comparison\fast\fast_confusion_matrix.png
2025-02-07 15:44:33,683 - ERROR - Error plotting confusion matrix for fast: ModelEvaluator.plot_confusion_matrix() got an unexpected keyword argument 'true_labels'
2025-02-07 15:44:33,683 - ERROR - Method signature: ('parameters', 'X', 'Y', 'save_path', 'predictions', 'cm')
2025-02-07 15:44:34,822 - INFO - Plotting confusion matrix for memory_optimized
2025-02-07 15:44:34,822 - INFO - True labels shape: (0,)
2025-02-07 15:44:34,822 - INFO - Predictions shape: (0,)
2025-02-07 15:44:34,822 - INFO - Save path: Results\comparison\memory_optimized\memory_optimized_confusion_matrix.png
2025-02-07 15:44:34,822 - ERROR - Error plotting confusion matrix for memory_optimized: ModelEvaluator.plot_confusion_matrix() got an unexpected keyword argument 'true_labels'
2025-02-07 15:44:34,822 - ERROR - Method signature: ('parameters', 'X', 'Y', 'save_path', 'predictions', 'cm')
2025-02-07 15:44:36,084 - INFO - Plotting confusion matrix for high_accuracy
2025-02-07 15:44:36,084 - INFO - True labels shape: (0,)
2025-02-07 15:44:36,084 - INFO - Predictions shape: (0,)
2025-02-07 15:44:36,084 - INFO - Save path: Results\comparison\high_accuracy\high_accuracy_confusion_matrix.png
2025-02-07 15:44:36,084 - ERROR - Error plotting confusion matrix for high_accuracy: ModelEvaluator.plot_confusion_matrix() got an unexpected keyword argument 'true_labels'
2025-02-07 15:44:36,084 - ERROR - Method signature: ('parameters', 'X', 'Y', 'save_path', 'predictions', 'cm')
2025-02-07 15:44:37,314 - INFO - Plotting confusion matrix for balanced
2025-02-07 15:44:37,314 - INFO - True labels shape: (0,)
2025-02-07 15:44:37,314 - INFO - Predictions shape: (0,)
2025-02-07 15:44:37,314 - INFO - Save path: Results\comparison\balanced\balanced_confusion_matrix.png
2025-02-07 15:44:37,314 - ERROR - Error plotting confusion matrix for balanced: ModelEvaluator.plot_confusion_matrix() got an unexpected keyword argument 'true_labels'
2025-02-07 15:44:37,314 - ERROR - Method signature: ('parameters', 'X', 'Y', 'save_path', 'predictions', 'cm')
2025-02-07 15:44:37,808 - INFO - 
Scenario Rankings:
2025-02-07 15:44:37,808 - INFO - 1. high_accuracy: 96.45
2025-02-07 15:44:37,808 - INFO - 2. fast: 95.81
2025-02-07 15:44:37,808 - INFO - 3. balanced: 85.63
2025-02-07 15:44:37,808 - INFO - 4. memory_optimized: 69.17
2025-02-07 15:44:40,619 - INFO - 
All visualizations and reports saved in Results\comparison
2025-02-07 15:45:54,616 - INFO - 
Processing scenario: fast
2025-02-07 15:45:54,633 - INFO - Found existing results for fast
2025-02-07 15:45:54,635 - INFO - Best accuracy: 98.03%
2025-02-07 15:45:54,639 - INFO - Last epoch: 6
2025-02-07 15:45:54,641 - INFO - 
Processing scenario: memory_optimized
2025-02-07 15:45:54,658 - INFO - Found existing results for memory_optimized
2025-02-07 15:45:54,665 - INFO - Best accuracy: 98.00%
2025-02-07 15:45:54,669 - INFO - Last epoch: 53
2025-02-07 15:45:54,670 - INFO - 
Processing scenario: high_accuracy
2025-02-07 15:45:54,686 - INFO - Found existing results for high_accuracy
2025-02-07 15:45:54,688 - INFO - Best accuracy: 98.21%
2025-02-07 15:45:54,692 - INFO - Last epoch: 5
2025-02-07 15:45:54,696 - INFO - 
Processing scenario: balanced
2025-02-07 15:45:54,700 - INFO - Found existing results for balanced
2025-02-07 15:45:54,700 - INFO - Best accuracy: 98.07%
2025-02-07 15:45:54,711 - INFO - Last epoch: 24
2025-02-07 15:45:58,379 - ERROR - Error plotting confusion matrix for fast: ModelEvaluator.plot_confusion_matrix() got an unexpected keyword argument 'predictions'
2025-02-07 15:45:59,555 - ERROR - Error plotting confusion matrix for memory_optimized: ModelEvaluator.plot_confusion_matrix() got an unexpected keyword argument 'predictions'
2025-02-07 15:46:00,735 - ERROR - Error plotting confusion matrix for high_accuracy: ModelEvaluator.plot_confusion_matrix() got an unexpected keyword argument 'predictions'
2025-02-07 15:46:01,894 - ERROR - Error plotting confusion matrix for balanced: ModelEvaluator.plot_confusion_matrix() got an unexpected keyword argument 'predictions'
2025-02-07 15:46:02,385 - INFO - 
Scenario Rankings:
2025-02-07 15:46:02,385 - INFO - 1. high_accuracy: 96.45
2025-02-07 15:46:02,385 - INFO - 2. fast: 95.81
2025-02-07 15:46:02,385 - INFO - 3. balanced: 85.63
2025-02-07 15:46:02,385 - INFO - 4. memory_optimized: 69.17
2025-02-07 15:46:05,328 - INFO - 
All visualizations and reports saved in Results\comparison
2025-02-07 15:47:13,809 - INFO - 
Processing scenario: fast
2025-02-07 15:47:13,825 - INFO - Found existing results for fast
2025-02-07 15:47:13,827 - INFO - Best accuracy: 98.03%
2025-02-07 15:47:13,827 - INFO - Last epoch: 6
2025-02-07 15:47:13,827 - INFO - 
Processing scenario: memory_optimized
2025-02-07 15:47:13,836 - INFO - Found existing results for memory_optimized
2025-02-07 15:47:13,836 - INFO - Best accuracy: 98.00%
2025-02-07 15:47:13,836 - INFO - Last epoch: 53
2025-02-07 15:47:13,836 - INFO - 
Processing scenario: high_accuracy
2025-02-07 15:47:13,840 - INFO - Found existing results for high_accuracy
2025-02-07 15:47:13,840 - INFO - Best accuracy: 98.21%
2025-02-07 15:47:13,840 - INFO - Last epoch: 5
2025-02-07 15:47:13,840 - INFO - 
Processing scenario: balanced
2025-02-07 15:47:13,840 - INFO - Found existing results for balanced
2025-02-07 15:47:13,856 - INFO - Best accuracy: 98.07%
2025-02-07 15:47:13,856 - INFO - Last epoch: 24
2025-02-07 15:47:18,083 - INFO - Successfully plotted confusion matrix for fast
2025-02-07 15:47:19,876 - INFO - Successfully plotted confusion matrix for memory_optimized
2025-02-07 15:47:21,956 - INFO - Successfully plotted confusion matrix for high_accuracy
2025-02-07 15:47:23,948 - INFO - Successfully plotted confusion matrix for balanced
2025-02-07 15:47:24,660 - INFO - 
Scenario Rankings:
2025-02-07 15:47:24,660 - INFO - 1. high_accuracy: 96.45
2025-02-07 15:47:24,660 - INFO - 2. fast: 95.81
2025-02-07 15:47:24,660 - INFO - 3. balanced: 85.63
2025-02-07 15:47:24,660 - INFO - 4. memory_optimized: 69.17
2025-02-07 15:47:27,445 - INFO - 
All visualizations and reports saved in Results\comparison
2025-02-07 15:51:33,298 - INFO - 
Processing scenario: fast
2025-02-07 15:51:33,314 - WARNING - No test results found for fast
2025-02-07 15:51:33,314 - INFO - Found existing results for fast
2025-02-07 15:51:33,314 - INFO - Best accuracy: 98.03%
2025-02-07 15:51:33,314 - INFO - Last epoch: 6
2025-02-07 15:51:33,314 - INFO - 
Processing scenario: memory_optimized
2025-02-07 15:51:33,314 - WARNING - No test results found for memory_optimized
2025-02-07 15:51:33,332 - INFO - Found existing results for memory_optimized
2025-02-07 15:51:33,332 - INFO - Best accuracy: 98.00%
2025-02-07 15:51:33,332 - INFO - Last epoch: 53
2025-02-07 15:51:33,332 - INFO - 
Processing scenario: high_accuracy
2025-02-07 15:51:33,332 - WARNING - No test results found for high_accuracy
2025-02-07 15:51:33,332 - INFO - Found existing results for high_accuracy
2025-02-07 15:51:33,332 - INFO - Best accuracy: 98.21%
2025-02-07 15:51:33,332 - INFO - Last epoch: 5
2025-02-07 15:51:33,332 - INFO - 
Processing scenario: balanced
2025-02-07 15:51:33,332 - WARNING - No test results found for balanced
2025-02-07 15:51:33,345 - INFO - Found existing results for balanced
2025-02-07 15:51:33,345 - INFO - Best accuracy: 98.07%
2025-02-07 15:51:33,345 - INFO - Last epoch: 24
2025-02-07 15:51:37,605 - INFO - Successfully plotted confusion matrix for fast
2025-02-07 15:51:39,445 - INFO - Successfully plotted confusion matrix for memory_optimized
2025-02-07 15:51:41,298 - INFO - Successfully plotted confusion matrix for high_accuracy
2025-02-07 15:51:43,301 - INFO - Successfully plotted confusion matrix for balanced
2025-02-07 15:51:44,186 - INFO - 
Scenario Rankings:
2025-02-07 15:51:44,186 - INFO - 1. high_accuracy: 96.45
2025-02-07 15:51:44,186 - INFO - 2. fast: 95.81
2025-02-07 15:51:44,186 - INFO - 3. balanced: 85.63
2025-02-07 15:51:44,186 - INFO - 4. memory_optimized: 69.17
2025-02-07 15:51:46,799 - INFO - 
All visualizations and reports saved in Results\comparison
2025-02-07 15:53:01,058 - INFO - 
Processing scenario: fast
2025-02-07 15:53:01,061 - WARNING - No test results found for fast
2025-02-07 15:53:01,066 - INFO - Found existing results for fast
2025-02-07 15:53:01,068 - INFO - Best accuracy: 98.03%
2025-02-07 15:53:01,068 - INFO - Last epoch: 6
2025-02-07 15:53:01,068 - INFO - 
Processing scenario: memory_optimized
2025-02-07 15:53:01,068 - WARNING - No test results found for memory_optimized
2025-02-07 15:53:01,080 - INFO - Found existing results for memory_optimized
2025-02-07 15:53:01,080 - INFO - Best accuracy: 98.00%
2025-02-07 15:53:01,080 - INFO - Last epoch: 53
2025-02-07 15:53:01,080 - INFO - 
Processing scenario: high_accuracy
2025-02-07 15:53:01,080 - WARNING - No test results found for high_accuracy
2025-02-07 15:53:01,091 - INFO - Found existing results for high_accuracy
2025-02-07 15:53:01,091 - INFO - Best accuracy: 98.21%
2025-02-07 15:53:01,091 - INFO - Last epoch: 5
2025-02-07 15:53:01,091 - INFO - 
Processing scenario: balanced
2025-02-07 15:53:01,096 - WARNING - No test results found for balanced
2025-02-07 15:53:01,108 - INFO - Found existing results for balanced
2025-02-07 15:53:01,108 - INFO - Best accuracy: 98.07%
2025-02-07 15:53:01,108 - INFO - Last epoch: 24
2025-02-07 15:53:05,732 - INFO - Successfully plotted confusion matrix for fast
2025-02-07 15:53:08,118 - INFO - Successfully plotted confusion matrix for memory_optimized
2025-02-07 15:53:10,857 - INFO - Successfully plotted confusion matrix for high_accuracy
2025-02-07 15:53:15,963 - INFO - Successfully plotted confusion matrix for balanced
2025-02-07 15:53:19,069 - INFO - 
Scenario Rankings:
2025-02-07 15:53:19,069 - INFO - 1. high_accuracy: 96.45
2025-02-07 15:53:19,070 - INFO - 2. fast: 95.81
2025-02-07 15:53:19,070 - INFO - 3. balanced: 85.63
2025-02-07 15:53:19,071 - INFO - 4. memory_optimized: 69.17
2025-02-07 15:53:24,944 - INFO - 
All visualizations and reports saved in Results\comparison
2025-02-07 15:56:00,443 - INFO - 
Processing scenario: fast
2025-02-07 15:56:00,443 - WARNING - No test results found for fast
2025-02-07 15:56:00,443 - INFO - Found existing results for fast
2025-02-07 15:56:00,443 - INFO - Best accuracy: 98.03%
2025-02-07 15:56:00,443 - INFO - Last epoch: 6
2025-02-07 15:56:00,443 - INFO - 
Processing scenario: memory_optimized
2025-02-07 15:56:00,453 - WARNING - No test results found for memory_optimized
2025-02-07 15:56:00,454 - INFO - Found existing results for memory_optimized
2025-02-07 15:56:00,454 - INFO - Best accuracy: 98.00%
2025-02-07 15:56:00,454 - INFO - Last epoch: 53
2025-02-07 15:56:00,454 - INFO - 
Processing scenario: high_accuracy
2025-02-07 15:56:00,454 - WARNING - No test results found for high_accuracy
2025-02-07 15:56:00,469 - INFO - Found existing results for high_accuracy
2025-02-07 15:56:00,469 - INFO - Best accuracy: 98.21%
2025-02-07 15:56:00,469 - INFO - Last epoch: 5
2025-02-07 15:56:00,469 - INFO - 
Processing scenario: balanced
2025-02-07 15:56:00,469 - WARNING - No test results found for balanced
2025-02-07 15:56:00,469 - INFO - Found existing results for balanced
2025-02-07 15:56:00,469 - INFO - Best accuracy: 98.07%
2025-02-07 15:56:00,469 - INFO - Last epoch: 24
2025-02-07 15:56:04,268 - WARNING - Empty predictions or true labels for fast
2025-02-07 15:56:05,376 - WARNING - Empty predictions or true labels for memory_optimized
2025-02-07 15:56:06,491 - WARNING - Empty predictions or true labels for high_accuracy
2025-02-07 15:56:07,641 - WARNING - Empty predictions or true labels for balanced
2025-02-07 15:56:08,115 - INFO - 
Scenario Rankings:
2025-02-07 15:56:08,115 - INFO - 1. high_accuracy: 96.45
2025-02-07 15:56:08,115 - INFO - 2. fast: 95.81
2025-02-07 15:56:08,115 - INFO - 3. balanced: 85.63
2025-02-07 15:56:08,122 - INFO - 4. memory_optimized: 69.17
2025-02-07 15:56:10,712 - INFO - 
All visualizations and reports saved in Results\comparison
2025-02-07 15:57:19,394 - INFO - Starting model pipeline...
2025-02-07 15:57:19,394 - INFO - Loading training data...
2025-02-07 15:57:22,320 - INFO - Applying data augmentation...
2025-02-07 15:57:33,018 - INFO - Train set: X=(784, 134400), Y=(134400,)
2025-02-07 15:57:33,018 - INFO - Dev set: X=(784, 8400), Y=(8400,)
2025-02-07 15:57:33,028 - INFO - Initializing training...
2025-02-07 15:58:34,820 - INFO - Starting model pipeline...
2025-02-07 15:58:34,820 - INFO - Loading training data...
2025-02-07 15:58:37,822 - INFO - Applying data augmentation...
2025-02-07 15:58:48,652 - INFO - Train set: X=(784, 134400), Y=(134400,)
2025-02-07 15:58:48,652 - INFO - Dev set: X=(784, 8400), Y=(8400,)
2025-02-07 15:58:48,667 - INFO - Initializing training...
2025-02-07 16:00:03,256 - INFO - Epoch 1/2: train_acc=89.90%, dev_acc=91.37%
2025-02-07 16:00:03,277 - INFO - Model saved: model_acc91.37_epoch0.npz
2025-02-07 16:00:14,252 - INFO - Epoch 2/2: train_acc=92.70%, dev_acc=93.50%
2025-02-07 16:00:14,287 - INFO - Model saved: model_acc93.50_epoch1.npz
2025-02-07 16:00:16,708 - INFO - Model pipeline completed successfully
2025-02-07 16:02:43,100 - INFO - Starting model pipeline...
2025-02-07 16:02:43,100 - INFO - Loading training data...
2025-02-07 16:02:45,914 - INFO - Applying data augmentation...
2025-02-07 16:02:56,726 - INFO - Train set: X=(784, 134400), Y=(134400,)
2025-02-07 16:02:56,726 - INFO - Dev set: X=(784, 8400), Y=(8400,)
2025-02-07 16:02:56,738 - INFO - Initializing training...
2025-02-07 16:04:11,785 - INFO - Epoch 1/2: train_acc=90.33%, dev_acc=91.30%
2025-02-07 16:04:11,814 - INFO - Model saved: model_acc91.30_epoch0.npz
2025-02-07 16:04:22,877 - INFO - Epoch 2/2: train_acc=93.03%, dev_acc=93.52%
2025-02-07 16:04:22,908 - INFO - Model saved: model_acc93.52_epoch1.npz
2025-02-07 16:04:22,908 - ERROR - Error in main execution: 'dict' object has no attribute 'predict'
2025-02-07 16:05:15,792 - INFO - Starting model pipeline...
2025-02-07 16:05:15,792 - INFO - Loading training data...
2025-02-07 16:05:18,671 - INFO - Applying data augmentation...
2025-02-07 16:05:29,675 - INFO - Train set: X=(784, 134400), Y=(134400,)
2025-02-07 16:05:29,675 - INFO - Dev set: X=(784, 8400), Y=(8400,)
2025-02-07 16:05:29,688 - INFO - Initializing training...
2025-02-07 16:06:44,280 - INFO - Epoch 1/2: train_acc=89.94%, dev_acc=92.11%
2025-02-07 16:06:44,307 - INFO - Model saved: model_acc92.11_epoch0.npz
2025-02-07 16:06:55,343 - INFO - Epoch 2/2: train_acc=92.80%, dev_acc=94.45%
2025-02-07 16:06:55,358 - INFO - Model saved: model_acc94.45_epoch1.npz
2025-02-07 16:06:55,358 - ERROR - Error in main execution: type object 'ModelTrainer' has no attribute 'relu'
2025-02-07 16:08:36,212 - INFO - Starting model pipeline...
2025-02-07 16:08:36,212 - INFO - Loading training data...
2025-02-07 16:08:39,255 - INFO - Applying data augmentation...
2025-02-07 16:08:50,471 - INFO - Train set: X=(784, 134400), Y=(134400,)
2025-02-07 16:08:50,471 - INFO - Dev set: X=(784, 8400), Y=(8400,)
2025-02-07 16:08:50,493 - INFO - Initializing training...
2025-02-07 16:10:05,004 - INFO - Epoch 1/2: train_acc=90.27%, dev_acc=91.79%
2025-02-07 16:10:05,032 - INFO - Model saved: model_acc91.79_epoch0.npz
2025-02-07 16:10:16,040 - INFO - Epoch 2/2: train_acc=93.07%, dev_acc=93.77%
2025-02-07 16:10:16,070 - INFO - Model saved: model_acc93.77_epoch1.npz
2025-02-07 16:10:16,816 - INFO - Test results saved to Results\test_results.npz
2025-02-07 16:10:16,835 - INFO - Final test accuracy: 93.07%
2025-02-07 16:10:19,251 - INFO - Model pipeline completed successfully
2025-02-07 16:12:04,479 - INFO - Starting model pipeline...
2025-02-07 16:12:04,479 - INFO - Loading training data...
2025-02-07 16:12:07,302 - INFO - Applying data augmentation...
2025-02-07 16:12:18,049 - INFO - Train set: X=(784, 134400), Y=(134400,)
2025-02-07 16:12:18,049 - INFO - Dev set: X=(784, 8400), Y=(8400,)
2025-02-07 16:12:18,057 - INFO - Initializing training...
2025-02-07 16:13:32,899 - INFO - Epoch 1/2: train_acc=89.88%, dev_acc=91.29%
2025-02-07 16:13:32,917 - INFO - Model saved: model_acc91.29_epoch0.npz
2025-02-07 16:13:44,116 - INFO - Epoch 2/2: train_acc=93.00%, dev_acc=93.92%
2025-02-07 16:13:44,150 - INFO - Model saved: model_acc93.92_epoch1.npz
2025-02-07 16:13:44,891 - INFO - Test results saved to Results\test_results.npz
2025-02-07 16:13:44,914 - INFO - Final test accuracy: 93.00%
2025-02-07 16:13:47,169 - INFO - Model pipeline completed successfully
2025-02-07 16:16:40,721 - INFO - Starting model pipeline...
2025-02-07 16:16:40,725 - INFO - Loading training data...
2025-02-07 16:16:43,636 - INFO - Applying data augmentation...
2025-02-07 16:16:54,517 - INFO - Train set: X=(784, 134400), Y=(134400,)
2025-02-07 16:16:54,517 - INFO - Dev set: X=(784, 8400), Y=(8400,)
2025-02-07 16:16:54,541 - ERROR - Error in main execution: type object 'DataPreprocessor' has no attribute 'load_test_data'
2025-02-07 16:18:07,835 - INFO - Starting model pipeline...
2025-02-07 16:18:07,835 - INFO - Loading training data...
2025-02-07 16:18:10,707 - INFO - Applying data augmentation...
2025-02-07 16:18:21,985 - INFO - Train set: X=(784, 134400), Y=(134400,)
2025-02-07 16:18:21,985 - INFO - Dev set: X=(784, 8400), Y=(8400,)
2025-02-07 16:18:22,001 - INFO - Loading training data...
2025-02-07 16:18:25,023 - INFO - Applying data augmentation...
2025-02-07 16:18:36,087 - INFO - Train set: X=(784, 134400), Y=(134400,)
2025-02-07 16:18:36,087 - INFO - Dev set: X=(784, 8400), Y=(8400,)
2025-02-07 16:18:36,175 - ERROR - Error in main execution: too many values to unpack (expected 2)
2025-02-07 16:22:23,868 - INFO - Starting model pipeline...
2025-02-07 16:22:23,880 - INFO - Loading training data...
2025-02-07 16:22:26,943 - INFO - Applying data augmentation...
2025-02-07 16:22:37,863 - INFO - Train set: X=(784, 134400), Y=(134400,)
2025-02-07 16:22:37,863 - INFO - Dev set: X=(784, 8400), Y=(8400,)
2025-02-07 16:22:38,869 - ERROR - Data loading failed: 'x_test'
2025-02-07 16:22:38,869 - ERROR - Error in main execution: 'x_test'
