2025-02-08 19:36:34,825 - INFO - Logging configured. Log file: logs\training_20250208_193634.log
2025-02-08 19:36:34,827 - INFO - Starting model pipeline...
2025-02-08 19:36:34,828 - INFO - Loading training data...
2025-02-08 19:36:36,658 - INFO - Train set: X=(784, 33600), Y=(33600,)
2025-02-08 19:36:36,658 - INFO - Dev set: X=(784, 8400), Y=(8400,)
2025-02-08 19:36:36,659 - INFO - 
Running scenario: fast
2025-02-08 19:36:36,662 - INFO - Starting training...
2025-02-08 19:36:38,552 - INFO - Epoch 1/21: train_acc=13.68%, dev_acc=13.62%
2025-02-08 19:36:38,560 - INFO - Model checkpoint saved: Results\checkpoints\fast\model_acc13.62_epoch0.npz
2025-02-08 19:36:38,561 - INFO - Epoch 0 - Memory Usage: Current: 998.1MB, Peak: 998.1MB, Increase: 342.6MB
2025-02-08 19:36:40,523 - INFO - Epoch 2/21: train_acc=13.83%, dev_acc=13.88%
2025-02-08 19:36:42,437 - INFO - Epoch 3/21: train_acc=14.00%, dev_acc=14.18%
2025-02-08 19:36:44,318 - INFO - Epoch 4/21: train_acc=14.18%, dev_acc=14.44%
2025-02-08 19:36:46,147 - INFO - Epoch 5/21: train_acc=14.38%, dev_acc=14.63%
2025-02-08 19:36:48,123 - INFO - Epoch 6/21: train_acc=14.59%, dev_acc=14.74%
2025-02-08 19:36:50,023 - INFO - Epoch 7/21: train_acc=14.76%, dev_acc=15.08%
2025-02-08 19:36:52,029 - INFO - Epoch 8/21: train_acc=14.95%, dev_acc=15.27%
2025-02-08 19:36:54,179 - INFO - Epoch 9/21: train_acc=15.14%, dev_acc=15.50%
2025-02-08 19:36:55,992 - INFO - Epoch 10/21: train_acc=15.32%, dev_acc=15.87%
2025-02-08 19:36:57,965 - INFO - Epoch 11/21: train_acc=15.52%, dev_acc=16.08%
2025-02-08 19:36:57,975 - INFO - Model checkpoint saved: Results\checkpoints\fast\model_acc16.08_epoch10.npz
2025-02-08 19:36:57,977 - INFO - Epoch 10 - Memory Usage: Current: 999.6MB, Peak: 999.6MB, Increase: 344.1MB
2025-02-08 19:36:59,872 - INFO - Epoch 12/21: train_acc=15.76%, dev_acc=16.23%
2025-02-08 19:37:01,656 - INFO - Epoch 13/21: train_acc=16.04%, dev_acc=16.42%
2025-02-08 19:37:03,575 - INFO - Epoch 14/21: train_acc=16.24%, dev_acc=16.61%
2025-02-08 19:37:05,356 - INFO - Epoch 15/21: train_acc=16.52%, dev_acc=16.77%
2025-02-08 19:37:07,163 - INFO - Epoch 16/21: train_acc=16.70%, dev_acc=16.99%
2025-02-08 19:37:09,021 - INFO - Epoch 17/21: train_acc=16.93%, dev_acc=17.27%
2025-02-08 19:37:10,805 - INFO - Epoch 18/21: train_acc=17.10%, dev_acc=17.60%
2025-02-08 19:37:12,563 - INFO - Epoch 19/21: train_acc=17.36%, dev_acc=17.79%
2025-02-08 19:37:14,534 - INFO - Epoch 20/21: train_acc=17.57%, dev_acc=18.08%
2025-02-08 19:37:16,445 - INFO - Epoch 21/21: train_acc=17.79%, dev_acc=18.43%
2025-02-08 19:37:16,447 - INFO - Model checkpoint saved: Results\checkpoints\fast\model_acc18.43_epoch20.npz
2025-02-08 19:37:16,447 - INFO - Epoch 20 - Memory Usage: Current: 999.7MB, Peak: 999.7MB, Increase: 344.2MB
2025-02-08 19:37:19,067 - INFO - Scenario fast completed with test accuracy: 18.43%
2025-02-08 19:37:19,068 - INFO - 
Running scenario: memory_optimized
2025-02-08 19:37:19,076 - INFO - Applying data augmentation...
2025-02-08 19:37:27,608 - INFO - Augmented data shape: X=(784, 100800), Y=(100800,)
2025-02-08 19:37:27,723 - INFO - Starting training...
2025-02-08 19:37:33,997 - INFO - Epoch 1/21: train_acc=11.93%, dev_acc=11.46%
2025-02-08 19:37:34,006 - INFO - Model checkpoint saved: Results\checkpoints\memory_optimized\model_acc11.46_epoch0.npz
2025-02-08 19:37:34,008 - INFO - Epoch 0 - Memory Usage: Current: 1921.0MB, Peak: 1921.0MB, Increase: 1223.6MB
2025-02-08 19:37:40,374 - INFO - Epoch 2/21: train_acc=11.96%, dev_acc=11.46%
2025-02-08 19:37:46,035 - INFO - Epoch 3/21: train_acc=11.98%, dev_acc=11.50%
2025-02-08 19:37:51,067 - INFO - Epoch 4/21: train_acc=12.00%, dev_acc=11.54%
2025-02-08 19:37:56,016 - INFO - Epoch 5/21: train_acc=12.01%, dev_acc=11.56%
2025-02-08 19:38:00,939 - INFO - Epoch 6/21: train_acc=12.03%, dev_acc=11.55%
2025-02-08 19:38:05,822 - INFO - Epoch 7/21: train_acc=12.05%, dev_acc=11.56%
2025-02-08 19:38:10,448 - INFO - Epoch 8/21: train_acc=12.07%, dev_acc=11.58%
2025-02-08 19:38:15,637 - INFO - Epoch 9/21: train_acc=12.09%, dev_acc=11.61%
2025-02-08 19:38:20,139 - INFO - Epoch 10/21: train_acc=12.12%, dev_acc=11.63%
2025-02-08 19:38:24,754 - INFO - Epoch 11/21: train_acc=12.14%, dev_acc=11.67%
2025-02-08 19:38:24,763 - INFO - Model checkpoint saved: Results\checkpoints\memory_optimized\model_acc11.67_epoch10.npz
2025-02-08 19:38:24,763 - INFO - Epoch 10 - Memory Usage: Current: 1921.8MB, Peak: 1921.8MB, Increase: 1224.3MB
2025-02-08 19:38:29,112 - INFO - Epoch 12/21: train_acc=12.17%, dev_acc=11.71%
2025-02-08 19:38:33,391 - INFO - Epoch 13/21: train_acc=12.18%, dev_acc=11.71%
2025-02-08 19:38:37,863 - INFO - Epoch 14/21: train_acc=12.21%, dev_acc=11.74%
2025-02-08 19:38:42,243 - INFO - Epoch 15/21: train_acc=12.24%, dev_acc=11.77%
2025-02-08 19:38:46,662 - INFO - Epoch 16/21: train_acc=12.26%, dev_acc=11.77%
2025-02-08 19:38:50,961 - INFO - Epoch 17/21: train_acc=12.29%, dev_acc=11.79%
2025-02-08 19:38:55,213 - INFO - Epoch 18/21: train_acc=12.30%, dev_acc=11.81%
2025-02-08 19:38:59,386 - INFO - Epoch 19/21: train_acc=12.31%, dev_acc=11.82%
2025-02-08 19:39:04,882 - INFO - Epoch 20/21: train_acc=12.34%, dev_acc=11.87%
2025-02-08 19:39:09,254 - INFO - Epoch 21/21: train_acc=12.35%, dev_acc=11.93%
2025-02-08 19:39:09,258 - INFO - Model checkpoint saved: Results\checkpoints\memory_optimized\model_acc11.93_epoch20.npz
2025-02-08 19:39:09,258 - INFO - Epoch 20 - Memory Usage: Current: 1921.8MB, Peak: 1921.8MB, Increase: 1224.3MB
2025-02-08 19:39:11,977 - INFO - Scenario memory_optimized completed with test accuracy: 11.93%
2025-02-08 19:39:13,469 - INFO - Model pipeline completed successfully
