2025-02-08 17:36:44,091 - INFO - Logging configured. Log file: logs\training_20250208_173644.log
2025-02-08 17:36:44,091 - INFO - Starting model pipeline...
2025-02-08 17:36:44,091 - INFO - Loading training data...
2025-02-08 17:36:45,979 - INFO - Train set: X=(784, 33600), Y=(33600,)
2025-02-08 17:36:45,979 - INFO - Dev set: X=(784, 8400), Y=(8400,)
2025-02-08 17:36:45,979 - INFO - 
Running scenario: fast
2025-02-08 17:36:45,992 - INFO - Starting training...
2025-02-08 17:36:48,436 - INFO - Epoch 1/5: train_acc=11.68%, dev_acc=11.69%
2025-02-08 17:36:48,448 - INFO - Model checkpoint saved: Results\checkpoints\fast\model_acc11.69_epoch0.npz
2025-02-08 17:36:48,448 - INFO - Epoch 0 - Memory Usage: Current: 995.9MB, Peak: 995.9MB, Increase: 341.1MB
2025-02-08 17:36:50,635 - INFO - Epoch 2/5: train_acc=11.79%, dev_acc=11.87%
2025-02-08 17:36:50,645 - INFO - Model checkpoint saved: Results\checkpoints\fast\model_acc11.87_epoch1.npz
2025-02-08 17:36:52,703 - INFO - Epoch 3/5: train_acc=11.88%, dev_acc=11.95%
2025-02-08 17:36:52,711 - INFO - Model checkpoint saved: Results\checkpoints\fast\model_acc11.95_epoch2.npz
2025-02-08 17:36:54,681 - INFO - Epoch 4/5: train_acc=12.02%, dev_acc=12.14%
2025-02-08 17:36:54,690 - INFO - Model checkpoint saved: Results\checkpoints\fast\model_acc12.14_epoch3.npz
2025-02-08 17:36:56,642 - INFO - Epoch 5/5: train_acc=12.20%, dev_acc=12.32%
2025-02-08 17:36:56,644 - INFO - Model checkpoint saved: Results\checkpoints\fast\model_acc12.32_epoch4.npz
2025-02-08 17:36:59,445 - INFO - Scenario fast completed with test accuracy: 12.32%
2025-02-08 17:36:59,445 - INFO - 
Running scenario: memory_optimized
2025-02-08 17:36:59,453 - INFO - Applying data augmentation...
2025-02-08 17:37:07,734 - INFO - Augmented data shape: X=(784, 100800), Y=(100800,)
2025-02-08 17:37:07,831 - INFO - Starting training...
2025-02-08 17:37:14,572 - INFO - Epoch 1/2: train_acc=7.49%, dev_acc=7.30%
2025-02-08 17:37:14,582 - INFO - Model checkpoint saved: Results\checkpoints\memory_optimized\model_acc7.30_epoch0.npz
2025-02-08 17:37:14,582 - INFO - Epoch 0 - Memory Usage: Current: 2244.6MB, Peak: 2244.6MB, Increase: 1556.2MB
2025-02-08 17:37:19,940 - INFO - Epoch 2/2: train_acc=7.50%, dev_acc=7.29%
2025-02-08 17:37:23,073 - INFO - Scenario memory_optimized completed with test accuracy: 7.29%
2025-02-08 17:37:24,578 - INFO - Model pipeline completed successfully
