2025-02-08 17:39:16,366 - INFO - Logging configured. Log file: logs\training_20250208_173916.log
2025-02-08 17:39:16,366 - INFO - Starting model pipeline...
2025-02-08 17:39:16,368 - INFO - Loading training data...
2025-02-08 17:39:18,575 - INFO - Train set: X=(784, 33600), Y=(33600,)
2025-02-08 17:39:18,575 - INFO - Dev set: X=(784, 8400), Y=(8400,)
2025-02-08 17:39:18,576 - INFO - 
Running scenario: fast
2025-02-08 17:39:18,583 - INFO - Starting training...
2025-02-08 17:39:20,709 - INFO - Epoch 1/5: train_acc=9.92%, dev_acc=10.12%
2025-02-08 17:39:20,719 - INFO - Model checkpoint saved: Results\checkpoints\fast\model_acc10.12_epoch0.npz
2025-02-08 17:39:20,723 - INFO - Epoch 0 - Memory Usage: Current: 994.8MB, Peak: 994.8MB, Increase: 341.1MB
2025-02-08 17:39:23,179 - INFO - Epoch 2/5: train_acc=9.88%, dev_acc=10.15%
2025-02-08 17:39:23,189 - INFO - Model checkpoint saved: Results\checkpoints\fast\model_acc10.15_epoch1.npz
2025-02-08 17:39:25,500 - INFO - Epoch 3/5: train_acc=9.84%, dev_acc=9.98%
2025-02-08 17:39:27,679 - INFO - Epoch 4/5: train_acc=9.81%, dev_acc=9.99%
2025-02-08 17:39:29,819 - INFO - Epoch 5/5: train_acc=9.76%, dev_acc=9.96%
2025-02-08 17:39:33,063 - INFO - Scenario fast completed with test accuracy: 9.96%
2025-02-08 17:39:33,063 - INFO - 
Running scenario: memory_optimized
2025-02-08 17:39:33,068 - INFO - Applying data augmentation...
2025-02-08 17:39:42,575 - INFO - Augmented data shape: X=(784, 100800), Y=(100800,)
2025-02-08 17:39:42,670 - INFO - Starting training...
2025-02-08 17:39:47,446 - INFO - Epoch 1/2: train_acc=10.89%, dev_acc=10.36%
2025-02-08 17:39:47,456 - INFO - Model checkpoint saved: Results\checkpoints\memory_optimized\model_acc10.36_epoch0.npz
2025-02-08 17:39:47,456 - INFO - Epoch 0 - Memory Usage: Current: 2243.4MB, Peak: 2243.4MB, Increase: 1558.7MB
2025-02-08 17:39:52,539 - INFO - Epoch 2/2: train_acc=10.93%, dev_acc=10.43%
2025-02-08 17:39:52,549 - INFO - Model checkpoint saved: Results\checkpoints\memory_optimized\model_acc10.43_epoch1.npz
2025-02-08 17:39:55,387 - INFO - Scenario memory_optimized completed with test accuracy: 10.43%
2025-02-08 17:39:58,655 - INFO - Model pipeline completed successfully
