2025-02-08 17:55:35,711 - INFO - Logging configured. Log file: logs\training_20250208_175535.log
2025-02-08 17:55:35,711 - INFO - Starting model pipeline...
2025-02-08 17:55:35,711 - INFO - Loading training data...
2025-02-08 17:55:37,346 - INFO - Train set: X=(784, 33600), Y=(33600,)
2025-02-08 17:55:37,346 - INFO - Dev set: X=(784, 8400), Y=(8400,)
2025-02-08 17:55:37,346 - INFO - 
Running scenario: fast
2025-02-08 17:55:37,357 - INFO - Starting training...
2025-02-08 17:55:39,133 - INFO - Epoch 1/20: train_acc=7.77%, dev_acc=7.80%
2025-02-08 17:55:39,141 - INFO - Model checkpoint saved: Results\checkpoints\fast\model_acc7.80_epoch0.npz
2025-02-08 17:55:39,141 - INFO - Epoch 0 - Memory Usage: Current: 995.4MB, Peak: 995.4MB, Increase: 340.9MB
2025-02-08 17:55:40,985 - INFO - Epoch 2/20: train_acc=7.76%, dev_acc=7.71%
2025-02-08 17:55:42,863 - INFO - Epoch 3/20: train_acc=7.74%, dev_acc=7.65%
2025-02-08 17:55:44,734 - INFO - Epoch 4/20: train_acc=7.71%, dev_acc=7.60%
2025-02-08 17:55:46,641 - INFO - Epoch 5/20: train_acc=7.68%, dev_acc=7.55%
2025-02-08 17:55:48,423 - INFO - Epoch 6/20: train_acc=7.68%, dev_acc=7.54%
2025-02-08 17:55:50,241 - INFO - Epoch 7/20: train_acc=7.69%, dev_acc=7.51%
2025-02-08 17:55:52,074 - INFO - Epoch 8/20: train_acc=7.65%, dev_acc=7.49%
2025-02-08 17:55:54,047 - INFO - Epoch 9/20: train_acc=7.64%, dev_acc=7.50%
2025-02-08 17:55:56,111 - INFO - Epoch 10/20: train_acc=7.63%, dev_acc=7.51%
2025-02-08 17:55:57,953 - INFO - Epoch 11/20: train_acc=7.64%, dev_acc=7.56%
2025-02-08 17:55:57,961 - INFO - Model checkpoint saved: Results\checkpoints\fast\model_acc7.80_epoch10.npz
2025-02-08 17:55:57,963 - INFO - Epoch 10 - Memory Usage: Current: 996.8MB, Peak: 996.8MB, Increase: 342.4MB
2025-02-08 17:55:59,903 - INFO - Epoch 12/20: train_acc=7.67%, dev_acc=7.54%
2025-02-08 17:56:01,717 - INFO - Epoch 13/20: train_acc=7.65%, dev_acc=7.51%
2025-02-08 17:56:03,569 - INFO - Epoch 14/20: train_acc=7.62%, dev_acc=7.50%
2025-02-08 17:56:05,389 - INFO - Epoch 15/20: train_acc=7.64%, dev_acc=7.56%
2025-02-08 17:56:07,174 - INFO - Epoch 16/20: train_acc=7.69%, dev_acc=7.65%
2025-02-08 17:56:08,981 - INFO - Epoch 17/20: train_acc=7.74%, dev_acc=7.77%
2025-02-08 17:56:10,781 - INFO - Epoch 18/20: train_acc=7.79%, dev_acc=7.76%
2025-02-08 17:56:12,571 - INFO - Epoch 19/20: train_acc=7.83%, dev_acc=7.74%
2025-02-08 17:56:14,656 - INFO - Epoch 20/20: train_acc=7.86%, dev_acc=7.79%
2025-02-08 17:56:17,121 - INFO - Scenario fast completed with test accuracy: 7.79%
2025-02-08 17:56:17,123 - INFO - 
Running scenario: memory_optimized
2025-02-08 17:56:17,135 - INFO - Applying data augmentation...
2025-02-08 17:56:24,557 - INFO - Augmented data shape: X=(784, 100800), Y=(100800,)
2025-02-08 17:56:24,639 - INFO - Starting training...
2025-02-08 17:56:28,721 - INFO - Epoch 1/20: train_acc=12.55%, dev_acc=12.80%
2025-02-08 17:56:28,734 - INFO - Model checkpoint saved: Results\checkpoints\memory_optimized\model_acc12.80_epoch0.npz
2025-02-08 17:56:28,734 - INFO - Epoch 0 - Memory Usage: Current: 1899.1MB, Peak: 1899.1MB, Increase: 1213.6MB
2025-02-08 17:56:33,071 - INFO - Epoch 2/20: train_acc=12.55%, dev_acc=12.82%
2025-02-08 17:56:37,259 - INFO - Epoch 3/20: train_acc=12.56%, dev_acc=12.77%
2025-02-08 17:56:41,343 - INFO - Epoch 4/20: train_acc=12.58%, dev_acc=12.79%
2025-02-08 17:56:45,608 - INFO - Epoch 5/20: train_acc=12.61%, dev_acc=12.77%
2025-02-08 17:56:49,791 - INFO - Epoch 6/20: train_acc=12.61%, dev_acc=12.81%
2025-02-08 17:56:54,145 - INFO - Epoch 7/20: train_acc=12.63%, dev_acc=12.83%
2025-02-08 17:56:58,578 - INFO - Epoch 8/20: train_acc=12.65%, dev_acc=12.86%
2025-02-08 17:57:03,112 - INFO - Epoch 9/20: train_acc=12.66%, dev_acc=12.88%
2025-02-08 17:57:09,214 - INFO - Epoch 10/20: train_acc=12.66%, dev_acc=12.86%
2025-02-08 17:57:15,787 - INFO - Epoch 11/20: train_acc=12.68%, dev_acc=12.88%
2025-02-08 17:57:15,811 - INFO - Model checkpoint saved: Results\checkpoints\memory_optimized\model_acc12.88_epoch10.npz
2025-02-08 17:57:15,815 - INFO - Epoch 10 - Memory Usage: Current: 1899.2MB, Peak: 1899.2MB, Increase: 1213.8MB
2025-02-08 17:57:21,291 - INFO - Epoch 12/20: train_acc=12.69%, dev_acc=12.92%
2025-02-08 17:57:26,821 - INFO - Epoch 13/20: train_acc=12.70%, dev_acc=12.93%
2025-02-08 17:57:31,504 - INFO - Epoch 14/20: train_acc=12.71%, dev_acc=12.94%
2025-02-08 17:57:36,274 - INFO - Epoch 15/20: train_acc=12.72%, dev_acc=12.98%
2025-02-08 17:57:40,971 - INFO - Epoch 16/20: train_acc=12.72%, dev_acc=13.02%
2025-02-08 17:57:45,638 - INFO - Epoch 17/20: train_acc=12.74%, dev_acc=13.02%
2025-02-08 17:57:49,910 - INFO - Epoch 18/20: train_acc=12.76%, dev_acc=13.04%
2025-02-08 17:57:54,147 - INFO - Epoch 19/20: train_acc=12.77%, dev_acc=13.04%
2025-02-08 17:57:58,353 - INFO - Epoch 20/20: train_acc=12.79%, dev_acc=13.06%
2025-02-08 17:58:00,883 - INFO - Scenario memory_optimized completed with test accuracy: 13.06%
2025-02-08 17:58:02,451 - INFO - Model pipeline completed successfully
